Using pre-set license
Built from '2020.3/staging' branch; Version is '2020.3.33f1 (915a7af8b0d5) revision 9525882'; Using compiler version '192528614'; Build Type 'Release'
OS: 'Windows 10  (10.0.19044) 64bit Core' Language: 'fr' Physical Memory: 8090 MB
BatchMode: 1, IsHumanControllingUs: 0, StartBugReporterOnCrash: 0, Is64bit: 1, IsPro: 0

COMMAND LINE ARGUMENTS:
C:\Program Files\Unity\Hub\Editor\2020.3.33f1\Editor\Unity.exe
-adb2
-batchMode
-noUpm
-name
AssetImportWorker1
-projectPath
C:/Users/ISKANDER/Documents/GitHub/AETHERIC-Logic
-logFile
Logs/AssetImportWorker1.log
-srvPort
50239
Successfully changed project path to: C:/Users/ISKANDER/Documents/GitHub/AETHERIC-Logic
C:/Users/ISKANDER/Documents/GitHub/AETHERIC-Logic
Using Asset Import Pipeline V2.
Refreshing native plugins compatible for Editor in 78.96 ms, found 2 plugins.
Preloading 0 native plugins for Editor in 0.00 ms.
Initialize engine version: 2020.3.33f1 (915a7af8b0d5)
[Subsystems] Discovering subsystems at path C:/Program Files/Unity/Hub/Editor/2020.3.33f1/Editor/Data/Resources/UnitySubsystems
[Subsystems] Discovering subsystems at path C:/Users/ISKANDER/Documents/GitHub/AETHERIC-Logic/Assets
GfxDevice: creating device client; threaded=0
Direct3D:
    Version:  Direct3D 11.0 [level 11.1]
    Renderer: Intel(R) HD Graphics 530 (ID=0x191b)
    Vendor:   
    VRAM:     4045 MB
    Driver:   30.0.101.1994
Initialize mono
Mono path[0] = 'C:/Program Files/Unity/Hub/Editor/2020.3.33f1/Editor/Data/Managed'
Mono path[1] = 'C:/Program Files/Unity/Hub/Editor/2020.3.33f1/Editor/Data/MonoBleedingEdge/lib/mono/unityjit'
Mono config path = 'C:/Program Files/Unity/Hub/Editor/2020.3.33f1/Editor/Data/MonoBleedingEdge/etc'
Using monoOptions --debugger-agent=transport=dt_socket,embedding=1,server=y,suspend=n,address=127.0.0.1:56364
Begin MonoManager ReloadAssembly
Registering precompiled unity dll's ...
Register platform support module: C:/Program Files/Unity/Hub/Editor/2020.3.33f1/Editor/Data/PlaybackEngines/WebGLSupport/UnityEditor.WebGL.Extensions.dll
Register platform support module: C:/Program Files/Unity/Hub/Editor/2020.3.33f1/Editor/Data/PlaybackEngines/WindowsStandaloneSupport/UnityEditor.WindowsStandalone.Extensions.dll
Registered in 0.006247 seconds.
Native extension for WindowsStandalone target not found
Native extension for WebGL target not found
Refreshing native plugins compatible for Editor in 72.65 ms, found 2 plugins.
Preloading 0 native plugins for Editor in 0.00 ms.
Mono: successfully reloaded assembly
- Completed reload, in  1.093 seconds
Domain Reload Profiling:
	ReloadAssembly (1093ms)
		BeginReloadAssembly (137ms)
			ExecutionOrderSort (0ms)
			DisableScriptedObjects (0ms)
			BackupInstance (0ms)
			ReleaseScriptingObjects (0ms)
			CreateAndSetChildDomain (1ms)
		EndReloadAssembly (801ms)
			LoadAssemblies (134ms)
			RebuildTransferFunctionScriptingTraits (0ms)
			SetupTypeCache (290ms)
			ReleaseScriptCaches (0ms)
			RebuildScriptCaches (48ms)
			SetupLoadedEditorAssemblies (289ms)
				LogAssemblyErrors (0ms)
				InitializePlatformSupportModulesInManaged (9ms)
				SetLoadedEditorAssemblies (0ms)
				RefreshPlugins (73ms)
				BeforeProcessingInitializeOnLoad (26ms)
				ProcessInitializeOnLoadAttributes (130ms)
				ProcessInitializeOnLoadMethodAttributes (51ms)
				AfterProcessingInitializeOnLoad (0ms)
				EditorAssembliesLoaded (0ms)
			ExecutionOrderSort2 (0ms)
			AwakeInstancesAfterBackupRestoration (0ms)
Platform modules already initialized, skipping
Registering precompiled user dll's ...
Registered in 0.007989 seconds.
Begin MonoManager ReloadAssembly
Symbol file LoadedFromMemory doesn't match image C:\Users\ISKANDER\Documents\GitHub\AETHERIC-Logic\Library\PackageCache\com.unity.collab-proxy@1.15.15\Lib\Editor\PlasticSCM\unityplastic.dll
Native extension for WindowsStandalone target not found
Native extension for WebGL target not found
Refreshing native plugins compatible for Editor in 1.37 ms, found 2 plugins.
Preloading 0 native plugins for Editor in 0.00 ms.
Mono: successfully reloaded assembly
- Completed reload, in  2.788 seconds
Domain Reload Profiling:
	ReloadAssembly (2789ms)
		BeginReloadAssembly (206ms)
			ExecutionOrderSort (0ms)
			DisableScriptedObjects (5ms)
			BackupInstance (0ms)
			ReleaseScriptingObjects (0ms)
			CreateAndSetChildDomain (25ms)
		EndReloadAssembly (2507ms)
			LoadAssemblies (574ms)
			RebuildTransferFunctionScriptingTraits (0ms)
			SetupTypeCache (629ms)
			ReleaseScriptCaches (2ms)
			RebuildScriptCaches (119ms)
			SetupLoadedEditorAssemblies (957ms)
				LogAssemblyErrors (0ms)
				InitializePlatformSupportModulesInManaged (11ms)
				SetLoadedEditorAssemblies (1ms)
				RefreshPlugins (2ms)
				BeforeProcessingInitializeOnLoad (186ms)
				ProcessInitializeOnLoadAttributes (569ms)
				ProcessInitializeOnLoadMethodAttributes (164ms)
				AfterProcessingInitializeOnLoad (23ms)
				EditorAssembliesLoaded (1ms)
			ExecutionOrderSort2 (0ms)
			AwakeInstancesAfterBackupRestoration (15ms)
Platform modules already initialized, skipping
========================================================================
Worker process is ready to serve import requests
Launched and connected shader compiler UnityShaderCompiler.exe after 0.12 seconds
Refreshing native plugins compatible for Editor in 0.69 ms, found 2 plugins.
Preloading 0 native plugins for Editor in 0.00 ms.
Unloading 1969 Unused Serialized files (Serialized files now loaded: 0)
System memory in use before: 83.8 MB.
System memory in use after: 83.9 MB.

Unloading 17 unused Assets to reduce memory usage. Loaded Objects now: 2409.
Total: 5.181100 ms (FindLiveObjects: 0.194000 ms CreateObjectMapping: 0.102800 ms MarkObjects: 4.787900 ms  DeleteObjects: 0.094800 ms)

AssetImportParameters requested are different than current active one (requested -> active):
  custom:framework-win-MediaFoundation: 216162199b28c13a410421893ffa2e32 -> 
  custom:video-decoder-ogg-theora: a1e56fd34408186e4bbccfd4996cb3dc -> 
  custom:container-muxer-webm: aa71ff27fc2769a1b78a27578f13a17b -> 
  custom:container-demuxer-webm: 4f35f7cbe854078d1ac9338744f61a02 -> 
  custom:container-demuxer-ogg: 62fdf1f143b41e24485cea50d1cbac27 -> 
  custom:video-encoder-webm-vp8: eb34c28f22e8b96e1ab97ce403110664 -> 
  custom:video-codec-MediaFoundation-h265: 746d11721c4dcdbdad8f713fa42b33f4 -> 
  custom:video-decoder-webm-vp8: 9c59270c3fd7afecdb556c50c9e8de78 -> 
  custom:audio-decoder-ogg-vorbis: bf7c407c2cedff20999df2af8eb42d56 -> 
  custom:audio-encoder-webm-vorbis: bf7c407c2cedff20999df2af8eb42d56 -> 
========================================================================
Received Import Request.
  path: Assets/ScriptsAlex/AI
  artifactKey: Guid(268b60ea205758f488586138163cc3f5) Importer(815301076,1909f56bfc062723c751e8b465ee728b)
Start importing Assets/ScriptsAlex/AI using Guid(268b60ea205758f488586138163cc3f5) Importer(815301076,1909f56bfc062723c751e8b465ee728b)  -> (artifact id: '5036cb4ba1f8fee8ff7aac7d2c6ce248') in 0.033578 seconds 
========================================================================
Received Prepare
Registering precompiled user dll's ...
Registered in 0.010900 seconds.
Begin MonoManager ReloadAssembly
Symbol file LoadedFromMemory doesn't match image C:\Users\ISKANDER\Documents\GitHub\AETHERIC-Logic\Library\PackageCache\com.unity.collab-proxy@1.15.15\Lib\Editor\PlasticSCM\unityplastic.dll
Native extension for WindowsStandalone target not found
Native extension for WebGL target not found
Refreshing native plugins compatible for Editor in 0.48 ms, found 2 plugins.
Preloading 0 native plugins for Editor in 0.00 ms.
Mono: successfully reloaded assembly
- Completed reload, in  1.455 seconds
Domain Reload Profiling:
	ReloadAssembly (1456ms)
		BeginReloadAssembly (316ms)
			ExecutionOrderSort (0ms)
			DisableScriptedObjects (55ms)
			BackupInstance (0ms)
			ReleaseScriptingObjects (0ms)
			CreateAndSetChildDomain (51ms)
		EndReloadAssembly (1037ms)
			LoadAssemblies (174ms)
			RebuildTransferFunctionScriptingTraits (0ms)
			SetupTypeCache (375ms)
			ReleaseScriptCaches (1ms)
			RebuildScriptCaches (50ms)
			SetupLoadedEditorAssemblies (351ms)
				LogAssemblyErrors (0ms)
				InitializePlatformSupportModulesInManaged (6ms)
				SetLoadedEditorAssemblies (1ms)
				RefreshPlugins (1ms)
				BeforeProcessingInitializeOnLoad (102ms)
				ProcessInitializeOnLoadAttributes (217ms)
				ProcessInitializeOnLoadMethodAttributes (11ms)
				AfterProcessingInitializeOnLoad (12ms)
				EditorAssembliesLoaded (0ms)
			ExecutionOrderSort2 (0ms)
			AwakeInstancesAfterBackupRestoration (7ms)
Platform modules already initialized, skipping
Refreshing native plugins compatible for Editor in 0.48 ms, found 2 plugins.
Preloading 0 native plugins for Editor in 0.00 ms.
Unloading 1960 Unused Serialized files (Serialized files now loaded: 0)
System memory in use before: 83.5 MB.
System memory in use after: 83.6 MB.

Unloading 12 unused Assets to reduce memory usage. Loaded Objects now: 2412.
Total: 3.308000 ms (FindLiveObjects: 0.164000 ms CreateObjectMapping: 0.069600 ms MarkObjects: 3.045200 ms  DeleteObjects: 0.028400 ms)

AssetImportParameters requested are different than current active one (requested -> active):
  custom:framework-win-MediaFoundation: 216162199b28c13a410421893ffa2e32 -> 
  custom:video-decoder-ogg-theora: a1e56fd34408186e4bbccfd4996cb3dc -> 
  custom:container-muxer-webm: aa71ff27fc2769a1b78a27578f13a17b -> 
  custom:container-demuxer-webm: 4f35f7cbe854078d1ac9338744f61a02 -> 
  custom:container-demuxer-ogg: 62fdf1f143b41e24485cea50d1cbac27 -> 
  custom:video-encoder-webm-vp8: eb34c28f22e8b96e1ab97ce403110664 -> 
  custom:video-codec-MediaFoundation-h265: 746d11721c4dcdbdad8f713fa42b33f4 -> 
  custom:video-decoder-webm-vp8: 9c59270c3fd7afecdb556c50c9e8de78 -> 
  custom:audio-decoder-ogg-vorbis: bf7c407c2cedff20999df2af8eb42d56 -> 
  custom:audio-encoder-webm-vorbis: bf7c407c2cedff20999df2af8eb42d56 -> 
========================================================================
Received Import Request.
  Time since last request: 3807.455947 seconds.
  path: Assets/Packages/Sci-Fi Modular Pack v1.23
  artifactKey: Guid(f1df6ced62ada8f4cb6b1b3f88736748) Importer(815301076,1909f56bfc062723c751e8b465ee728b)
Start importing Assets/Packages/Sci-Fi Modular Pack v1.23 using Guid(f1df6ced62ada8f4cb6b1b3f88736748) Importer(815301076,1909f56bfc062723c751e8b465ee728b)  -> (artifact id: '3e68fd4dbc0ef3957ffce524976c8d05') in 0.049305 seconds 
========================================================================
Received Import Request.
  Time since last request: 0.995196 seconds.
  path: Assets/Packages/RPG_Fentasy_(Pack)/Character_Dwarf
  artifactKey: Guid(d5363f493d3739d4b9ca93735a7da339) Importer(815301076,1909f56bfc062723c751e8b465ee728b)
Start importing Assets/Packages/RPG_Fentasy_(Pack)/Character_Dwarf using Guid(d5363f493d3739d4b9ca93735a7da339) Importer(815301076,1909f56bfc062723c751e8b465ee728b)  -> (artifact id: '46bf13ae0a854e129acb10ff010f5af5') in 0.005077 seconds 
========================================================================
Received Import Request.
  Time since last request: 6.527100 seconds.
  path: Assets/Packages/RPG_Fentasy_(Pack)/Character_Demon/Animation/Demon@Idle_ Block.FBX
  artifactKey: Guid(03e5f7d5d74efa440ae2f97935d4b3de) Importer(815301076,1909f56bfc062723c751e8b465ee728b)
Start importing Assets/Packages/RPG_Fentasy_(Pack)/Character_Demon/Animation/Demon@Idle_ Block.FBX using Guid(03e5f7d5d74efa440ae2f97935d4b3de) Importer(815301076,1909f56bfc062723c751e8b465ee728b)  -> (artifact id: 'b611cebad8e8933dcb44d6292b9c7429') in 3.698977 seconds 
========================================================================
Received Import Request.
  Time since last request: 19.642884 seconds.
  path: Assets/Packages/RPG_Fentasy_(Pack)/Character_Demon/Animation/Demon@Block_Breakout.FBX
  artifactKey: Guid(c5b25558f367e4548b7383eb4c97e1c2) Importer(815301076,1909f56bfc062723c751e8b465ee728b)
Start importing Assets/Packages/RPG_Fentasy_(Pack)/Character_Demon/Animation/Demon@Block_Breakout.FBX using Guid(c5b25558f367e4548b7383eb4c97e1c2) Importer(815301076,1909f56bfc062723c751e8b465ee728b)  -> (artifact id: '572043fc7bed64dec1470606020cceaa') in 0.749773 seconds 
========================================================================
Received Import Request.
  Time since last request: 21.563534 seconds.
  path: Assets/Packages/RPG_Fentasy_(Pack)/Character_Dwarf/Mesh
  artifactKey: Guid(2351b4cc8e893674d94fff561920d091) Importer(815301076,1909f56bfc062723c751e8b465ee728b)
Start importing Assets/Packages/RPG_Fentasy_(Pack)/Character_Dwarf/Mesh using Guid(2351b4cc8e893674d94fff561920d091) Importer(815301076,1909f56bfc062723c751e8b465ee728b)  -> (artifact id: '32724eedc94a347d475824ba77436b61') in 0.005716 seconds 
========================================================================
Received Import Request.
  Time since last request: 7.081052 seconds.
  path: Assets/Packages/RPG_Fentasy_(Pack)/Character_Demon
  artifactKey: Guid(b17f23e11deea8a44af7fd172612f489) Importer(815301076,1909f56bfc062723c751e8b465ee728b)
Start importing Assets/Packages/RPG_Fentasy_(Pack)/Character_Demon using Guid(b17f23e11deea8a44af7fd172612f489) Importer(815301076,1909f56bfc062723c751e8b465ee728b)  -> (artifact id: 'eea587ae0003c728afa00204419d4988') in 0.004387 seconds 
========================================================================
Received Import Request.
  Time since last request: 16.371976 seconds.
  path: Assets/Packages/RPG_Fentasy_(Pack)/Character_Dwarf/Textures/Axe_Albedo.tga
  artifactKey: Guid(ec851d08e94b69d40b1e2a814333587b) Importer(815301076,1909f56bfc062723c751e8b465ee728b)
Start importing Assets/Packages/RPG_Fentasy_(Pack)/Character_Dwarf/Textures/Axe_Albedo.tga using Guid(ec851d08e94b69d40b1e2a814333587b) Importer(815301076,1909f56bfc062723c751e8b465ee728b)  -> (artifact id: 'fef065e0785c53cd049b3255acdb713c') in 0.131261 seconds 
========================================================================
Received Import Request.
  Time since last request: 13.240060 seconds.
  path: Assets/Packages/RPG_Fentasy_(Pack)/Character_Dwarf/Textures/Axe_Albedo.tga
  artifactKey: Guid(ec851d08e94b69d40b1e2a814333587b) Importer(815301076,1909f56bfc062723c751e8b465ee728b)
Start importing Assets/Packages/RPG_Fentasy_(Pack)/Character_Dwarf/Textures/Axe_Albedo.tga using Guid(ec851d08e94b69d40b1e2a814333587b) Importer(815301076,1909f56bfc062723c751e8b465ee728b)  -> (artifact id: 'b9e714e5967cc46f615c70c74de846b9') in 0.083418 seconds 
========================================================================
Received Prepare
Registering precompiled user dll's ...
Registered in 0.005207 seconds.
Begin MonoManager ReloadAssembly
Symbol file LoadedFromMemory doesn't match image C:\Users\ISKANDER\Documents\GitHub\AETHERIC-Logic\Library\PackageCache\com.unity.collab-proxy@1.15.15\Lib\Editor\PlasticSCM\unityplastic.dll
Native extension for WindowsStandalone target not found
Native extension for WebGL target not found
Refreshing native plugins compatible for Editor in 0.95 ms, found 2 plugins.
Preloading 0 native plugins for Editor in 0.00 ms.
Mono: successfully reloaded assembly
- Completed reload, in  1.483 seconds
Domain Reload Profiling:
	ReloadAssembly (1484ms)
		BeginReloadAssembly (269ms)
			ExecutionOrderSort (0ms)
			DisableScriptedObjects (9ms)
			BackupInstance (0ms)
			ReleaseScriptingObjects (0ms)
			CreateAndSetChildDomain (83ms)
		EndReloadAssembly (1062ms)
			LoadAssemblies (246ms)
			RebuildTransferFunctionScriptingTraits (0ms)
			SetupTypeCache (341ms)
			ReleaseScriptCaches (1ms)
			RebuildScriptCaches (48ms)
			SetupLoadedEditorAssemblies (376ms)
				LogAssemblyErrors (0ms)
				InitializePlatformSupportModulesInManaged (10ms)
				SetLoadedEditorAssemblies (1ms)
				RefreshPlugins (1ms)
				BeforeProcessingInitializeOnLoad (107ms)
				ProcessInitializeOnLoadAttributes (235ms)
				ProcessInitializeOnLoadMethodAttributes (10ms)
				AfterProcessingInitializeOnLoad (11ms)
				EditorAssembliesLoaded (0ms)
			ExecutionOrderSort2 (0ms)
			AwakeInstancesAfterBackupRestoration (7ms)
Platform modules already initialized, skipping
Refreshing native plugins compatible for Editor in 0.50 ms, found 2 plugins.
Preloading 0 native plugins for Editor in 0.00 ms.
Unloading 1957 Unused Serialized files (Serialized files now loaded: 0)
System memory in use before: 86.8 MB.
System memory in use after: 86.9 MB.

Unloading 15 unused Assets to reduce memory usage. Loaded Objects now: 2457.
Total: 4.396100 ms (FindLiveObjects: 0.204400 ms CreateObjectMapping: 0.100500 ms MarkObjects: 4.021400 ms  DeleteObjects: 0.067700 ms)

AssetImportParameters requested are different than current active one (requested -> active):
  custom:framework-win-MediaFoundation: 216162199b28c13a410421893ffa2e32 -> 
  custom:video-decoder-ogg-theora: a1e56fd34408186e4bbccfd4996cb3dc -> 
  custom:container-muxer-webm: aa71ff27fc2769a1b78a27578f13a17b -> 
  custom:container-demuxer-webm: 4f35f7cbe854078d1ac9338744f61a02 -> 
  custom:container-demuxer-ogg: 62fdf1f143b41e24485cea50d1cbac27 -> 
  custom:video-encoder-webm-vp8: eb34c28f22e8b96e1ab97ce403110664 -> 
  custom:video-codec-MediaFoundation-h265: 746d11721c4dcdbdad8f713fa42b33f4 -> 
  custom:video-decoder-webm-vp8: 9c59270c3fd7afecdb556c50c9e8de78 -> 
  custom:audio-decoder-ogg-vorbis: bf7c407c2cedff20999df2af8eb42d56 -> 
  custom:audio-encoder-webm-vorbis: bf7c407c2cedff20999df2af8eb42d56 -> 
========================================================================
Received Import Request.
  Time since last request: 352.621213 seconds.
  path: Assets/Packages/SciFi Warehouse Kit/Art/Materials
  artifactKey: Guid(02198d8edbf5e70448b5396681c552e3) Importer(815301076,1909f56bfc062723c751e8b465ee728b)
Start importing Assets/Packages/SciFi Warehouse Kit/Art/Materials using Guid(02198d8edbf5e70448b5396681c552e3) Importer(815301076,1909f56bfc062723c751e8b465ee728b)  -> (artifact id: '20f79eb6e05c5f1bdb7acdd4d9f098d3') in 0.014117 seconds 
========================================================================
Received Import Request.
  Time since last request: 16.649310 seconds.
  path: Assets/Packages/SciFi Warehouse Kit/Demo
  artifactKey: Guid(aeb07d34dbffb8a4188ce71551aa05ba) Importer(815301076,1909f56bfc062723c751e8b465ee728b)
Start importing Assets/Packages/SciFi Warehouse Kit/Demo using Guid(aeb07d34dbffb8a4188ce71551aa05ba) Importer(815301076,1909f56bfc062723c751e8b465ee728b)  -> (artifact id: '29ab7b32b3903ca1d02d289abdeb0e5a') in 0.008244 seconds 
========================================================================
Received Prepare
Registering precompiled user dll's ...
Registered in 0.005193 seconds.
Begin MonoManager ReloadAssembly
Symbol file LoadedFromMemory doesn't match image C:\Users\ISKANDER\Documents\GitHub\AETHERIC-Logic\Library\PackageCache\com.unity.collab-proxy@1.15.15\Lib\Editor\PlasticSCM\unityplastic.dll
Native extension for WindowsStandalone target not found
Native extension for WebGL target not found
Refreshing native plugins compatible for Editor in 0.92 ms, found 2 plugins.
Preloading 0 native plugins for Editor in 0.00 ms.
Mono: successfully reloaded assembly
- Completed reload, in  1.618 seconds
Domain Reload Profiling:
	ReloadAssembly (1619ms)
		BeginReloadAssembly (197ms)
			ExecutionOrderSort (0ms)
			DisableScriptedObjects (9ms)
			BackupInstance (0ms)
			ReleaseScriptingObjects (0ms)
			CreateAndSetChildDomain (50ms)
		EndReloadAssembly (1319ms)
			LoadAssemblies (167ms)
			RebuildTransferFunctionScriptingTraits (0ms)
			SetupTypeCache (473ms)
			ReleaseScriptCaches (1ms)
			RebuildScriptCaches (59ms)
			SetupLoadedEditorAssemblies (482ms)
				LogAssemblyErrors (0ms)
				InitializePlatformSupportModulesInManaged (13ms)
				SetLoadedEditorAssemblies (1ms)
				RefreshPlugins (1ms)
				BeforeProcessingInitializeOnLoad (120ms)
				ProcessInitializeOnLoadAttributes (316ms)
				ProcessInitializeOnLoadMethodAttributes (15ms)
				AfterProcessingInitializeOnLoad (15ms)
				EditorAssembliesLoaded (0ms)
			ExecutionOrderSort2 (0ms)
			AwakeInstancesAfterBackupRestoration (10ms)
Platform modules already initialized, skipping
Refreshing native plugins compatible for Editor in 0.48 ms, found 2 plugins.
Preloading 0 native plugins for Editor in 0.00 ms.
Unloading 1952 Unused Serialized files (Serialized files now loaded: 0)
System memory in use before: 86.7 MB.
System memory in use after: 86.8 MB.

Unloading 17 unused Assets to reduce memory usage. Loaded Objects now: 2455.
Total: 3.724000 ms (FindLiveObjects: 0.231000 ms CreateObjectMapping: 0.121000 ms MarkObjects: 3.336600 ms  DeleteObjects: 0.034300 ms)

AssetImportParameters requested are different than current active one (requested -> active):
  custom:framework-win-MediaFoundation: 216162199b28c13a410421893ffa2e32 -> 
  custom:video-decoder-ogg-theora: a1e56fd34408186e4bbccfd4996cb3dc -> 
  custom:container-muxer-webm: aa71ff27fc2769a1b78a27578f13a17b -> 
  custom:container-demuxer-webm: 4f35f7cbe854078d1ac9338744f61a02 -> 
  custom:container-demuxer-ogg: 62fdf1f143b41e24485cea50d1cbac27 -> 
  custom:video-encoder-webm-vp8: eb34c28f22e8b96e1ab97ce403110664 -> 
  custom:video-codec-MediaFoundation-h265: 746d11721c4dcdbdad8f713fa42b33f4 -> 
  custom:video-decoder-webm-vp8: 9c59270c3fd7afecdb556c50c9e8de78 -> 
  custom:audio-decoder-ogg-vorbis: bf7c407c2cedff20999df2af8eb42d56 -> 
  custom:audio-encoder-webm-vorbis: bf7c407c2cedff20999df2af8eb42d56 -> 
========================================================================
Received Import Request.
  Time since last request: 552.204287 seconds.
  path: Assets/PrefabsAetheric
  artifactKey: Guid(0f18e5ceb47d61b45be9401beed9e1bd) Importer(815301076,1909f56bfc062723c751e8b465ee728b)
Start importing Assets/PrefabsAetheric using Guid(0f18e5ceb47d61b45be9401beed9e1bd) Importer(815301076,1909f56bfc062723c751e8b465ee728b)  -> (artifact id: 'cfcf48d0062b192355a57591ed61773e') in 0.011552 seconds 
========================================================================
Received Import Request.
  Time since last request: 13.404759 seconds.
  path: Assets/Animations
  artifactKey: Guid(b806246a068376d4fa590c9e6d4ffcae) Importer(815301076,1909f56bfc062723c751e8b465ee728b)
Start importing Assets/Animations using Guid(b806246a068376d4fa590c9e6d4ffcae) Importer(815301076,1909f56bfc062723c751e8b465ee728b)  -> (artifact id: 'cc1d8d4a739a3786ade04c7d48eb0202') in 0.013201 seconds 
========================================================================
Received Import Request.
  Time since last request: 29.865235 seconds.
  path: Assets/Animations/AnimatorControllers
  artifactKey: Guid(05c99278b134d5a40ba499d997e7fded) Importer(815301076,1909f56bfc062723c751e8b465ee728b)
Start importing Assets/Animations/AnimatorControllers using Guid(05c99278b134d5a40ba499d997e7fded) Importer(815301076,1909f56bfc062723c751e8b465ee728b)  -> (artifact id: '6e6156ef143618b2c372cd25b4a7ee9e') in 0.012501 seconds 
========================================================================
Received Import Request.
  Time since last request: 29.700863 seconds.
  path: Assets/Animations/Animations
  artifactKey: Guid(d94c5cba3c2e75c4b8af8927b787f879) Importer(815301076,1909f56bfc062723c751e8b465ee728b)
Start importing Assets/Animations/Animations using Guid(d94c5cba3c2e75c4b8af8927b787f879) Importer(815301076,1909f56bfc062723c751e8b465ee728b)  -> (artifact id: 'b40a12426cf912c7272722c2684f6fed') in 0.007706 seconds 
========================================================================
Received Import Request.
  Time since last request: 40.310207 seconds.
  path: Assets/Animations/Models
  artifactKey: Guid(effc8681e3b6e404bae2633a67fa12cc) Importer(815301076,1909f56bfc062723c751e8b465ee728b)
Start importing Assets/Animations/Models using Guid(effc8681e3b6e404bae2633a67fa12cc) Importer(815301076,1909f56bfc062723c751e8b465ee728b)  -> (artifact id: '949afd9e72ff93a2ffaa5bb52230a2ce') in 0.010195 seconds 
========================================================================
Received Import Request.
  Time since last request: 13.116926 seconds.
  path: Assets/Animations/Models and Avatars
  artifactKey: Guid(effc8681e3b6e404bae2633a67fa12cc) Importer(815301076,1909f56bfc062723c751e8b465ee728b)
Start importing Assets/Animations/Models and Avatars using Guid(effc8681e3b6e404bae2633a67fa12cc) Importer(815301076,1909f56bfc062723c751e8b465ee728b)  -> (artifact id: '533f43d80fd104e5db102f2842cce902') in 0.007343 seconds 
========================================================================
Received Import Request.
  Time since last request: 8.246840 seconds.
  path: Assets/ARPG Effects/Demo
  artifactKey: Guid(7afb29278c406f743855a11cab2dc0ca) Importer(815301076,1909f56bfc062723c751e8b465ee728b)
Start importing Assets/ARPG Effects/Demo using Guid(7afb29278c406f743855a11cab2dc0ca) Importer(815301076,1909f56bfc062723c751e8b465ee728b)  -> (artifact id: '8224003c60c9004053419d410037f533') in 0.024339 seconds 
========================================================================
Received Import Request.
  Time since last request: 1.504815 seconds.
  path: Assets/ARPG Effects/Demo/Scripts
  artifactKey: Guid(249a2de74bc762749bd94085dd5ada68) Importer(815301076,1909f56bfc062723c751e8b465ee728b)
Start importing Assets/ARPG Effects/Demo/Scripts using Guid(249a2de74bc762749bd94085dd5ada68) Importer(815301076,1909f56bfc062723c751e8b465ee728b)  -> (artifact id: 'd6aee81b5feef325dfeffab3bdeee06e') in 0.025934 seconds 
========================================================================
Received Import Request.
  Time since last request: 16.842623 seconds.
  path: Assets/ARPG Effects
  artifactKey: Guid(f2731dab4318f13459748a2a5528adce) Importer(815301076,1909f56bfc062723c751e8b465ee728b)
Start importing Assets/ARPG Effects using Guid(f2731dab4318f13459748a2a5528adce) Importer(815301076,1909f56bfc062723c751e8b465ee728b)  -> (artifact id: 'e6aa0c8267c2345b6a7971402d751c55') in 0.031950 seconds 
========================================================================
Received Prepare
Registering precompiled user dll's ...
Registered in 0.006066 seconds.
Begin MonoManager ReloadAssembly
Symbol file LoadedFromMemory doesn't match image C:\Users\ISKANDER\Documents\GitHub\AETHERIC-Logic\Library\PackageCache\com.unity.collab-proxy@1.15.15\Lib\Editor\PlasticSCM\unityplastic.dll
Native extension for WindowsStandalone target not found
Native extension for WebGL target not found
Refreshing native plugins compatible for Editor in 0.65 ms, found 2 plugins.
Preloading 0 native plugins for Editor in 0.00 ms.
Mono: successfully reloaded assembly
- Completed reload, in  2.990 seconds
Domain Reload Profiling:
	ReloadAssembly (2991ms)
		BeginReloadAssembly (160ms)
			ExecutionOrderSort (0ms)
			DisableScriptedObjects (7ms)
			BackupInstance (0ms)
			ReleaseScriptingObjects (0ms)
			CreateAndSetChildDomain (41ms)
		EndReloadAssembly (2718ms)
			LoadAssemblies (157ms)
			RebuildTransferFunctionScriptingTraits (0ms)
			SetupTypeCache (921ms)
			ReleaseScriptCaches (2ms)
			RebuildScriptCaches (164ms)
			SetupLoadedEditorAssemblies (1086ms)
				LogAssemblyErrors (0ms)
				InitializePlatformSupportModulesInManaged (23ms)
				SetLoadedEditorAssemblies (1ms)
				RefreshPlugins (1ms)
				BeforeProcessingInitializeOnLoad (257ms)
				ProcessInitializeOnLoadAttributes (753ms)
				ProcessInitializeOnLoadMethodAttributes (27ms)
				AfterProcessingInitializeOnLoad (23ms)
				EditorAssembliesLoaded (1ms)
			ExecutionOrderSort2 (0ms)
			AwakeInstancesAfterBackupRestoration (23ms)
Platform modules already initialized, skipping
Refreshing native plugins compatible for Editor in 0.73 ms, found 2 plugins.
Preloading 0 native plugins for Editor in 0.00 ms.
Unloading 1945 Unused Serialized files (Serialized files now loaded: 0)
System memory in use before: 86.6 MB.
System memory in use after: 86.7 MB.

Unloading 19 unused Assets to reduce memory usage. Loaded Objects now: 2451.
Total: 6.433300 ms (FindLiveObjects: 0.653800 ms CreateObjectMapping: 0.525600 ms MarkObjects: 5.208900 ms  DeleteObjects: 0.042300 ms)

AssetImportParameters requested are different than current active one (requested -> active):
  custom:framework-win-MediaFoundation: 216162199b28c13a410421893ffa2e32 -> 
  custom:video-decoder-ogg-theora: a1e56fd34408186e4bbccfd4996cb3dc -> 
  custom:container-muxer-webm: aa71ff27fc2769a1b78a27578f13a17b -> 
  custom:container-demuxer-webm: 4f35f7cbe854078d1ac9338744f61a02 -> 
  custom:container-demuxer-ogg: 62fdf1f143b41e24485cea50d1cbac27 -> 
  custom:video-encoder-webm-vp8: eb34c28f22e8b96e1ab97ce403110664 -> 
  custom:video-codec-MediaFoundation-h265: 746d11721c4dcdbdad8f713fa42b33f4 -> 
  custom:video-decoder-webm-vp8: 9c59270c3fd7afecdb556c50c9e8de78 -> 
  custom:audio-decoder-ogg-vorbis: bf7c407c2cedff20999df2af8eb42d56 -> 
  custom:audio-encoder-webm-vorbis: bf7c407c2cedff20999df2af8eb42d56 -> 
========================================================================
Received Import Request.
  Time since last request: 40.935156 seconds.
  path: Assets/Animations/Eve
  artifactKey: Guid(d94c5cba3c2e75c4b8af8927b787f879) Importer(815301076,1909f56bfc062723c751e8b465ee728b)
Start importing Assets/Animations/Eve using Guid(d94c5cba3c2e75c4b8af8927b787f879) Importer(815301076,1909f56bfc062723c751e8b465ee728b)  -> (artifact id: '74027ee124c678b667e33e3cdae5de99') in 0.013272 seconds 
========================================================================
Received Import Request.
  Time since last request: 2.670348 seconds.
  path: Assets/Animations/CastingRM
  artifactKey: Guid(e7b10837babe4b64ba9b4eea61c60f64) Importer(815301076,1909f56bfc062723c751e8b465ee728b)
Start importing Assets/Animations/CastingRM using Guid(e7b10837babe4b64ba9b4eea61c60f64) Importer(815301076,1909f56bfc062723c751e8b465ee728b)  -> (artifact id: '7b9b88b63f3b1d18e14f35b099375418') in 0.032276 seconds 
========================================================================
Received Import Request.
  Time since last request: 15.094609 seconds.
  path: Assets/Animations/Dwarf
  artifactKey: Guid(e7d3dcfc6301502459d6482bdafadf93) Importer(815301076,1909f56bfc062723c751e8b465ee728b)
Start importing Assets/Animations/Dwarf using Guid(e7d3dcfc6301502459d6482bdafadf93) Importer(815301076,1909f56bfc062723c751e8b465ee728b)  -> (artifact id: 'dc1352df396a88c39067b7aba8312cb0') in 0.005241 seconds 
========================================================================
Received Import Request.
  Time since last request: 7.598441 seconds.
  path: Assets/Datas
  artifactKey: Guid(b09234bf236380e4b9ddfa4de75f5f7b) Importer(815301076,1909f56bfc062723c751e8b465ee728b)
Start importing Assets/Datas using Guid(b09234bf236380e4b9ddfa4de75f5f7b) Importer(815301076,1909f56bfc062723c751e8b465ee728b)  -> (artifact id: '844e09127185a56c24c24908d6e02592') in 0.008608 seconds 
========================================================================
Received Import Request.
  Time since last request: 6.945681 seconds.
  path: Assets/MaterialsAlex
  artifactKey: Guid(86cd7b9eb5366af4d98e782b9ac388ee) Importer(815301076,1909f56bfc062723c751e8b465ee728b)
Start importing Assets/MaterialsAlex using Guid(86cd7b9eb5366af4d98e782b9ac388ee) Importer(815301076,1909f56bfc062723c751e8b465ee728b)  -> (artifact id: 'b8685c266b9d56dc0ecfcb35fc0c0f43') in 0.005698 seconds 
========================================================================
Received Import Request.
  Time since last request: 13.720779 seconds.
  path: Assets/Packages/_Barking_Dog
  artifactKey: Guid(5a5d84138b32fd342a1de08eda77c678) Importer(815301076,1909f56bfc062723c751e8b465ee728b)
Start importing Assets/Packages/_Barking_Dog using Guid(5a5d84138b32fd342a1de08eda77c678) Importer(815301076,1909f56bfc062723c751e8b465ee728b)  -> (artifact id: 'fc32f6ca6f6fc429dec21d1f8a55989a') in 0.026094 seconds 
========================================================================
Received Import Request.
  Time since last request: 1.642545 seconds.
  path: Assets/Packages/_Barking_Dog/Common Scripts
  artifactKey: Guid(52ffc8b773c1b2745a426e70ffc6eec2) Importer(815301076,1909f56bfc062723c751e8b465ee728b)
Start importing Assets/Packages/_Barking_Dog/Common Scripts using Guid(52ffc8b773c1b2745a426e70ffc6eec2) Importer(815301076,1909f56bfc062723c751e8b465ee728b)  -> (artifact id: '43ede51955db2f14e65c5462ef5dcde5') in 0.008455 seconds 
========================================================================
Received Prepare
Registering precompiled user dll's ...
Registered in 0.006284 seconds.
Begin MonoManager ReloadAssembly
Symbol file LoadedFromMemory doesn't match image C:\Users\ISKANDER\Documents\GitHub\AETHERIC-Logic\Library\PackageCache\com.unity.collab-proxy@1.15.15\Lib\Editor\PlasticSCM\unityplastic.dll
Native extension for WindowsStandalone target not found
Native extension for WebGL target not found
Refreshing native plugins compatible for Editor in 1.01 ms, found 2 plugins.
Preloading 0 native plugins for Editor in 0.00 ms.
Mono: successfully reloaded assembly
- Completed reload, in  2.368 seconds
Domain Reload Profiling:
	ReloadAssembly (2369ms)
		BeginReloadAssembly (172ms)
			ExecutionOrderSort (0ms)
			DisableScriptedObjects (10ms)
			BackupInstance (0ms)
			ReleaseScriptingObjects (0ms)
			CreateAndSetChildDomain (42ms)
		EndReloadAssembly (2068ms)
			LoadAssemblies (178ms)
			RebuildTransferFunctionScriptingTraits (0ms)
			SetupTypeCache (742ms)
			ReleaseScriptCaches (2ms)
			RebuildScriptCaches (125ms)
			SetupLoadedEditorAssemblies (719ms)
				LogAssemblyErrors (0ms)
				InitializePlatformSupportModulesInManaged (15ms)
				SetLoadedEditorAssemblies (1ms)
				RefreshPlugins (1ms)
				BeforeProcessingInitializeOnLoad (205ms)
				ProcessInitializeOnLoadAttributes (469ms)
				ProcessInitializeOnLoadMethodAttributes (14ms)
				AfterProcessingInitializeOnLoad (14ms)
				EditorAssembliesLoaded (0ms)
			ExecutionOrderSort2 (0ms)
			AwakeInstancesAfterBackupRestoration (11ms)
Platform modules already initialized, skipping
Refreshing native plugins compatible for Editor in 1.00 ms, found 2 plugins.
Preloading 0 native plugins for Editor in 0.00 ms.
Unloading 1943 Unused Serialized files (Serialized files now loaded: 0)
System memory in use before: 86.5 MB.
System memory in use after: 86.6 MB.

Unloading 14 unused Assets to reduce memory usage. Loaded Objects now: 2452.
Total: 6.561300 ms (FindLiveObjects: 0.323500 ms CreateObjectMapping: 0.182700 ms MarkObjects: 6.013400 ms  DeleteObjects: 0.038800 ms)

AssetImportParameters requested are different than current active one (requested -> active):
  custom:framework-win-MediaFoundation: 216162199b28c13a410421893ffa2e32 -> 
  custom:video-decoder-ogg-theora: a1e56fd34408186e4bbccfd4996cb3dc -> 
  custom:container-muxer-webm: aa71ff27fc2769a1b78a27578f13a17b -> 
  custom:container-demuxer-webm: 4f35f7cbe854078d1ac9338744f61a02 -> 
  custom:container-demuxer-ogg: 62fdf1f143b41e24485cea50d1cbac27 -> 
  custom:video-encoder-webm-vp8: eb34c28f22e8b96e1ab97ce403110664 -> 
  custom:video-codec-MediaFoundation-h265: 746d11721c4dcdbdad8f713fa42b33f4 -> 
  custom:video-decoder-webm-vp8: 9c59270c3fd7afecdb556c50c9e8de78 -> 
  custom:audio-decoder-ogg-vorbis: bf7c407c2cedff20999df2af8eb42d56 -> 
  custom:audio-encoder-webm-vorbis: bf7c407c2cedff20999df2af8eb42d56 -> 
========================================================================
Received Import Request.
  Time since last request: 17.032772 seconds.
  path: Assets/Packages/_DLNK
  artifactKey: Guid(411feab3b860ec841b0c9bdb039837cc) Importer(815301076,1909f56bfc062723c751e8b465ee728b)
Start importing Assets/Packages/_DLNK using Guid(411feab3b860ec841b0c9bdb039837cc) Importer(815301076,1909f56bfc062723c751e8b465ee728b)  -> (artifact id: '3c378ed84da736cbeae8555bf3ca64a3') in 0.013109 seconds 
========================================================================
Received Import Request.
  Time since last request: 1.058020 seconds.
  path: Assets/Packages/_DLNK/_DLNK Source
  artifactKey: Guid(390dded07797b0741a211b5492dafa8f) Importer(815301076,1909f56bfc062723c751e8b465ee728b)
Start importing Assets/Packages/_DLNK/_DLNK Source using Guid(390dded07797b0741a211b5492dafa8f) Importer(815301076,1909f56bfc062723c751e8b465ee728b)  -> (artifact id: '1d50b2a06c48c9d42a5d2b06c286d6ef') in 0.008781 seconds 
========================================================================
Received Import Request.
  Time since last request: 1.507278 seconds.
  path: Assets/Packages/_DLNK/_DLNK Source/_DLNK Libraries
  artifactKey: Guid(50ba6577dc49fb041859e0f22fb82cd3) Importer(815301076,1909f56bfc062723c751e8b465ee728b)
Start importing Assets/Packages/_DLNK/_DLNK Source/_DLNK Libraries using Guid(50ba6577dc49fb041859e0f22fb82cd3) Importer(815301076,1909f56bfc062723c751e8b465ee728b)  -> (artifact id: '8f013596caee367bc6935eb1726947c9') in 0.004216 seconds 
========================================================================
Received Import Request.
  Time since last request: 2.575061 seconds.
  path: Assets/Packages/_DLNK/_DLNK Source/_DLNK Libraries/[dlnk Script Library]
  artifactKey: Guid(abe18d7a7419f754c9209df9d402272d) Importer(815301076,1909f56bfc062723c751e8b465ee728b)
Start importing Assets/Packages/_DLNK/_DLNK Source/_DLNK Libraries/[dlnk Script Library] using Guid(abe18d7a7419f754c9209df9d402272d) Importer(815301076,1909f56bfc062723c751e8b465ee728b)  -> (artifact id: 'd4066a60de30854cc8a3f3e5bf96bec7') in 0.010642 seconds 
========================================================================
Received Import Request.
  Time since last request: 1.670454 seconds.
  path: Assets/Packages/_DLNK/_DLNK Source/_DLNK Libraries/[dlnk Script Library]/Basic Scripts
  artifactKey: Guid(b3aecfd042ed7ee49815a6a870c9e114) Importer(815301076,1909f56bfc062723c751e8b465ee728b)
Start importing Assets/Packages/_DLNK/_DLNK Source/_DLNK Libraries/[dlnk Script Library]/Basic Scripts using Guid(b3aecfd042ed7ee49815a6a870c9e114) Importer(815301076,1909f56bfc062723c751e8b465ee728b)  -> (artifact id: 'd59363ec5353d400bd2fdd20e96efe09') in 0.008851 seconds 
========================================================================
Received Import Request.
  Time since last request: 1.362948 seconds.
  path: Assets/Packages/_DLNK/_DLNK Source/_DLNK Libraries/[dlnk Script Library]/Basic Scripts/Misc
  artifactKey: Guid(45a72d67559616646af69c389639e3ac) Importer(815301076,1909f56bfc062723c751e8b465ee728b)
Start importing Assets/Packages/_DLNK/_DLNK Source/_DLNK Libraries/[dlnk Script Library]/Basic Scripts/Misc using Guid(45a72d67559616646af69c389639e3ac) Importer(815301076,1909f56bfc062723c751e8b465ee728b)  -> (artifact id: 'e9a706fb61bba7a9a8fc7c93ca0cf1a3') in 0.005594 seconds 
========================================================================
Received Prepare
Registering precompiled user dll's ...
Registered in 0.009284 seconds.
Begin MonoManager ReloadAssembly
Symbol file LoadedFromMemory doesn't match image C:\Users\ISKANDER\Documents\GitHub\AETHERIC-Logic\Library\PackageCache\com.unity.collab-proxy@1.15.15\Lib\Editor\PlasticSCM\unityplastic.dll
Native extension for WindowsStandalone target not found
Native extension for WebGL target not found
Refreshing native plugins compatible for Editor in 0.63 ms, found 2 plugins.
Preloading 0 native plugins for Editor in 0.00 ms.
Mono: successfully reloaded assembly
- Completed reload, in  2.900 seconds
Domain Reload Profiling:
	ReloadAssembly (2900ms)
		BeginReloadAssembly (165ms)
			ExecutionOrderSort (0ms)
			DisableScriptedObjects (6ms)
			BackupInstance (0ms)
			ReleaseScriptingObjects (0ms)
			CreateAndSetChildDomain (46ms)
		EndReloadAssembly (2629ms)
			LoadAssemblies (172ms)
			RebuildTransferFunctionScriptingTraits (0ms)
			SetupTypeCache (796ms)
			ReleaseScriptCaches (4ms)
			RebuildScriptCaches (178ms)
			SetupLoadedEditorAssemblies (1052ms)
				LogAssemblyErrors (0ms)
				InitializePlatformSupportModulesInManaged (22ms)
				SetLoadedEditorAssemblies (1ms)
				RefreshPlugins (1ms)
				BeforeProcessingInitializeOnLoad (255ms)
				ProcessInitializeOnLoadAttributes (720ms)
				ProcessInitializeOnLoadMethodAttributes (28ms)
				AfterProcessingInitializeOnLoad (25ms)
				EditorAssembliesLoaded (1ms)
			ExecutionOrderSort2 (0ms)
			AwakeInstancesAfterBackupRestoration (23ms)
Platform modules already initialized, skipping
Refreshing native plugins compatible for Editor in 0.92 ms, found 2 plugins.
Preloading 0 native plugins for Editor in 0.00 ms.
Unloading 1942 Unused Serialized files (Serialized files now loaded: 0)
System memory in use before: 86.5 MB.
System memory in use after: 86.6 MB.

Unloading 13 unused Assets to reduce memory usage. Loaded Objects now: 2454.
Total: 5.082800 ms (FindLiveObjects: 0.243000 ms CreateObjectMapping: 0.141400 ms MarkObjects: 4.636600 ms  DeleteObjects: 0.059800 ms)

AssetImportParameters requested are different than current active one (requested -> active):
  custom:framework-win-MediaFoundation: 216162199b28c13a410421893ffa2e32 -> 
  custom:video-decoder-ogg-theora: a1e56fd34408186e4bbccfd4996cb3dc -> 
  custom:container-muxer-webm: aa71ff27fc2769a1b78a27578f13a17b -> 
  custom:container-demuxer-webm: 4f35f7cbe854078d1ac9338744f61a02 -> 
  custom:container-demuxer-ogg: 62fdf1f143b41e24485cea50d1cbac27 -> 
  custom:video-encoder-webm-vp8: eb34c28f22e8b96e1ab97ce403110664 -> 
  custom:video-codec-MediaFoundation-h265: 746d11721c4dcdbdad8f713fa42b33f4 -> 
  custom:video-decoder-webm-vp8: 9c59270c3fd7afecdb556c50c9e8de78 -> 
  custom:audio-decoder-ogg-vorbis: bf7c407c2cedff20999df2af8eb42d56 -> 
  custom:audio-encoder-webm-vorbis: bf7c407c2cedff20999df2af8eb42d56 -> 
========================================================================
Received Import Request.
  Time since last request: 61.958587 seconds.
  path: Assets/Art
  artifactKey: Guid(b58855f2ab10eb749977933cb976b5d2) Importer(815301076,1909f56bfc062723c751e8b465ee728b)
Start importing Assets/Art using Guid(b58855f2ab10eb749977933cb976b5d2) Importer(815301076,1909f56bfc062723c751e8b465ee728b)  -> (artifact id: '4b3a1e4580922f7bff2a534f55e47e15') in 0.014129 seconds 
========================================================================
Received Import Request.
  Time since last request: 29.066887 seconds.
  path: Assets/Art/Models
  artifactKey: Guid(9dce8527487ff804f8d643c61a31690d) Importer(815301076,1909f56bfc062723c751e8b465ee728b)
Start importing Assets/Art/Models using Guid(9dce8527487ff804f8d643c61a31690d) Importer(815301076,1909f56bfc062723c751e8b465ee728b)  -> (artifact id: 'd894d39f1593d262aa796e400f1ca8cc') in 0.004148 seconds 
========================================================================
Received Import Request.
  Time since last request: 53.435204 seconds.
  path: Assets/Art/Characters
  artifactKey: Guid(d6d6ea62783f76b43a42fa9a961f3842) Importer(815301076,1909f56bfc062723c751e8b465ee728b)
Start importing Assets/Art/Characters using Guid(d6d6ea62783f76b43a42fa9a961f3842) Importer(815301076,1909f56bfc062723c751e8b465ee728b)  -> (artifact id: '0b110b0208973865e66830ecbf4e1573') in 0.009585 seconds 
========================================================================
Received Import Request.
  Time since last request: 15.834452 seconds.
  path: Assets/Art/Environment
  artifactKey: Guid(3389d8cdce1fc984ca14627d3023b493) Importer(815301076,1909f56bfc062723c751e8b465ee728b)
Start importing Assets/Art/Environment using Guid(3389d8cdce1fc984ca14627d3023b493) Importer(815301076,1909f56bfc062723c751e8b465ee728b)  -> (artifact id: '5a48336ace82adc53a9a901f9de51cdc') in 0.010311 seconds 
========================================================================
Received Import Request.
  Time since last request: 48.496949 seconds.
  path: Assets/Art/Characters/Models and Avatars/eve
  artifactKey: Guid(d51c2acb050728f43bd4b95c9f578d13) Importer(815301076,1909f56bfc062723c751e8b465ee728b)
Start importing Assets/Art/Characters/Models and Avatars/eve using Guid(d51c2acb050728f43bd4b95c9f578d13) Importer(815301076,1909f56bfc062723c751e8b465ee728b)  -> (artifact id: '431c592bf6c7b816b4896e6983f8864b') in 0.006989 seconds 
========================================================================
Received Import Request.
  Time since last request: 10.850924 seconds.
  path: Assets/Art/Characters/Models and Avatars/eve/New Folder
  artifactKey: Guid(75671d9d4f02d7147b115f31b96f8e10) Importer(815301076,1909f56bfc062723c751e8b465ee728b)
Start importing Assets/Art/Characters/Models and Avatars/eve/New Folder using Guid(75671d9d4f02d7147b115f31b96f8e10) Importer(815301076,1909f56bfc062723c751e8b465ee728b)  -> (artifact id: '75782c3d3b32cb8a204dc1f783835a9d') in 0.006714 seconds 
========================================================================
Received Import Request.
  Time since last request: 1.213344 seconds.
  path: Assets/Art/Characters/Models and Avatars/eve/New Folder 1
  artifactKey: Guid(613e93312ae989e4880403e4913d0b19) Importer(815301076,1909f56bfc062723c751e8b465ee728b)
Start importing Assets/Art/Characters/Models and Avatars/eve/New Folder 1 using Guid(613e93312ae989e4880403e4913d0b19) Importer(815301076,1909f56bfc062723c751e8b465ee728b)  -> (artifact id: 'dfb347204d319f1964b617f6b0e2ffe1') in 0.005315 seconds 
========================================================================
Received Import Request.
  Time since last request: 10.431217 seconds.
  path: Assets/Art/Characters/Models and Avatars/eve/Materials
  artifactKey: Guid(75671d9d4f02d7147b115f31b96f8e10) Importer(815301076,1909f56bfc062723c751e8b465ee728b)
Start importing Assets/Art/Characters/Models and Avatars/eve/Materials using Guid(75671d9d4f02d7147b115f31b96f8e10) Importer(815301076,1909f56bfc062723c751e8b465ee728b)  -> (artifact id: '29071a3b5dcd45e541aa7fa861bfcfc0') in 0.005474 seconds 
========================================================================
Received Import Request.
  Time since last request: 7.317325 seconds.
  path: Assets/Art/Characters/Models and Avatars/eve/Textures
  artifactKey: Guid(613e93312ae989e4880403e4913d0b19) Importer(815301076,1909f56bfc062723c751e8b465ee728b)
Start importing Assets/Art/Characters/Models and Avatars/eve/Textures using Guid(613e93312ae989e4880403e4913d0b19) Importer(815301076,1909f56bfc062723c751e8b465ee728b)  -> (artifact id: 'fa134927efe604a3c3837fd25a563c47') in 0.005741 seconds 
========================================================================
Received Import Request.
  Time since last request: 14.052710 seconds.
  path: Assets/Art/Characters/Models and Avatars/eve/Model
  artifactKey: Guid(3508df70d963eb4498ae833cc99764ce) Importer(815301076,1909f56bfc062723c751e8b465ee728b)
Start importing Assets/Art/Characters/Models and Avatars/eve/Model using Guid(3508df70d963eb4498ae833cc99764ce) Importer(815301076,1909f56bfc062723c751e8b465ee728b)  -> (artifact id: '6cbd4deb9db70d285f34dbd629b4ed7e') in 0.014669 seconds 
========================================================================
Received Import Request.
  Time since last request: 19.199185 seconds.
  path: Assets/MaterialsAlex/TEX
  artifactKey: Guid(f8222f4a79e25504e8d167d576e42ad1) Importer(815301076,1909f56bfc062723c751e8b465ee728b)
Start importing Assets/MaterialsAlex/TEX using Guid(f8222f4a79e25504e8d167d576e42ad1) Importer(815301076,1909f56bfc062723c751e8b465ee728b)  -> (artifact id: 'bfa2c51529d52a6c3627148bf0a6b2ef') in 0.005379 seconds 
========================================================================
Received Import Request.
  Time since last request: 53.582051 seconds.
  path: Assets/Packages/Pro Melee Axe Pack (1)
  artifactKey: Guid(87bcd58f89123b742838784f98efcbcd) Importer(815301076,1909f56bfc062723c751e8b465ee728b)
Start importing Assets/Packages/Pro Melee Axe Pack (1) using Guid(87bcd58f89123b742838784f98efcbcd) Importer(815301076,1909f56bfc062723c751e8b465ee728b)  -> (artifact id: 'd3b4bb4afa04cd634622c88853a22c89') in 0.013704 seconds 
========================================================================
Received Import Request.
  Time since last request: 16.337567 seconds.
  path: Assets/Packages/RPG_Fentasy_(Pack)/Ainimations_Barbarian_Bear_Dwarf_Knight_Orc_Warrior/1With_Weapon/Attack_1.anim
  artifactKey: Guid(73f1e95e0b78fa64c98c8cb1199c3da7) Importer(815301076,1909f56bfc062723c751e8b465ee728b)
Start importing Assets/Packages/RPG_Fentasy_(Pack)/Ainimations_Barbarian_Bear_Dwarf_Knight_Orc_Warrior/1With_Weapon/Attack_1.anim using Guid(73f1e95e0b78fa64c98c8cb1199c3da7) Importer(815301076,1909f56bfc062723c751e8b465ee728b)  -> (artifact id: '3048a36b805380d0402fa592a4939716') in 0.073076 seconds 
========================================================================
Received Import Request.
  Time since last request: 0.276063 seconds.
  path: Assets/Packages/RPG_Fentasy_(Pack)/Ainimations_Barbarian_Bear_Dwarf_Knight_Orc_Warrior/1With_Weapon/SentryDeath.anim
  artifactKey: Guid(afa7bec96551d3f42ac4ab30da83ea8e) Importer(815301076,1909f56bfc062723c751e8b465ee728b)
Start importing Assets/Packages/RPG_Fentasy_(Pack)/Ainimations_Barbarian_Bear_Dwarf_Knight_Orc_Warrior/1With_Weapon/SentryDeath.anim using Guid(afa7bec96551d3f42ac4ab30da83ea8e) Importer(815301076,1909f56bfc062723c751e8b465ee728b)  -> (artifact id: '8b0b3de0685dd318e808fcdd224ca66f') in 0.075280 seconds 
========================================================================
Received Import Request.
  Time since last request: 22.917368 seconds.
  path: Assets/Packages/RPG_Fentasy_(Pack)/Ainimations_Barbarian_Bear_Dwarf_Knight_Orc_Warrior/2Without_Weapon/Run_Without_Weapon.anim
  artifactKey: Guid(8e2a3472405eea34198f5c1d69a5c7cb) Importer(815301076,1909f56bfc062723c751e8b465ee728b)
Start importing Assets/Packages/RPG_Fentasy_(Pack)/Ainimations_Barbarian_Bear_Dwarf_Knight_Orc_Warrior/2Without_Weapon/Run_Without_Weapon.anim using Guid(8e2a3472405eea34198f5c1d69a5c7cb) Importer(815301076,1909f56bfc062723c751e8b465ee728b)  -> (artifact id: '74b5baae2a0942e072dc1973a31c0207') in 0.059303 seconds 
========================================================================
Received Import Request.
  Time since last request: 0.737997 seconds.
  path: Assets/Packages/RPG_Fentasy_(Pack)/Ainimations_Barbarian_Bear_Dwarf_Knight_Orc_Warrior/2Without_Weapon/Walk_Without_Weapon.anim
  artifactKey: Guid(73b30f74934af814cb1832ab229de271) Importer(815301076,1909f56bfc062723c751e8b465ee728b)
Start importing Assets/Packages/RPG_Fentasy_(Pack)/Ainimations_Barbarian_Bear_Dwarf_Knight_Orc_Warrior/2Without_Weapon/Walk_Without_Weapon.anim using Guid(73b30f74934af814cb1832ab229de271) Importer(815301076,1909f56bfc062723c751e8b465ee728b)  -> (artifact id: 'e24c3dbf7d29ed1c7ddab60a58e2ef2f') in 0.062429 seconds 
========================================================================
Received Import Request.
  Time since last request: 104.310356 seconds.
  path: Assets/Art/Environment/Camera
  artifactKey: Guid(48e4253e55435f4458cde6e471a3fe0c) Importer(815301076,1909f56bfc062723c751e8b465ee728b)
Start importing Assets/Art/Environment/Camera using Guid(48e4253e55435f4458cde6e471a3fe0c) Importer(815301076,1909f56bfc062723c751e8b465ee728b)  -> (artifact id: '8b55db13c53c7166800934f1aad0b70f') in 0.008686 seconds 
========================================================================
Received Import Request.
  Time since last request: 90.148014 seconds.
  path: Assets/Art/Environment/Camera/Meshes/Props/Misc Props
  artifactKey: Guid(31add0dc95c469a46a49ed8a025c5c4d) Importer(815301076,1909f56bfc062723c751e8b465ee728b)
Start importing Assets/Art/Environment/Camera/Meshes/Props/Misc Props using Guid(31add0dc95c469a46a49ed8a025c5c4d) Importer(815301076,1909f56bfc062723c751e8b465ee728b)  -> (artifact id: 'f8c7bbf8d6a203c4ba4b513081ceb63f') in 0.004961 seconds 
========================================================================
Received Import Request.
  Time since last request: 1.452844 seconds.
  path: Assets/Art/Environment/Camera/Meshes/Props/Misc Props/Security Cam.fbx
  artifactKey: Guid(b242581fc7fd82a45b00226894da6bfb) Importer(815301076,1909f56bfc062723c751e8b465ee728b)
Start importing Assets/Art/Environment/Camera/Meshes/Props/Misc Props/Security Cam.fbx using Guid(b242581fc7fd82a45b00226894da6bfb) Importer(815301076,1909f56bfc062723c751e8b465ee728b)  -> (artifact id: 'e2a24d89bce89d87139cf3a7583f088c') in 0.436445 seconds 
========================================================================
Received Import Request.
  Time since last request: 7.833975 seconds.
  path: Assets/Art/Environment/Camera/Meshes/Props
  artifactKey: Guid(dbfdd556ed5b6b948af887077a0f70a5) Importer(815301076,1909f56bfc062723c751e8b465ee728b)
Start importing Assets/Art/Environment/Camera/Meshes/Props using Guid(dbfdd556ed5b6b948af887077a0f70a5) Importer(815301076,1909f56bfc062723c751e8b465ee728b)  -> (artifact id: 'b00ee3e4975af103c64bdb3321731276') in 0.005299 seconds 
========================================================================
Received Import Request.
  Time since last request: 19.058458 seconds.
  path: Assets/Art/Environment/Camera/Textures
  artifactKey: Guid(a24f87b0cb7675f41bdb84eb9e4e53b8) Importer(815301076,1909f56bfc062723c751e8b465ee728b)
Start importing Assets/Art/Environment/Camera/Textures using Guid(a24f87b0cb7675f41bdb84eb9e4e53b8) Importer(815301076,1909f56bfc062723c751e8b465ee728b)  -> (artifact id: '9b0d0069743bcd5ffbf5235c5d7599a4') in 0.005387 seconds 
========================================================================
Received Import Request.
  Time since last request: 17.717999 seconds.
  path: Assets/Packages/SciFi Warehouse Kit
  artifactKey: Guid(2b5f3906832bb464890e2a08d8c5a2d7) Importer(815301076,1909f56bfc062723c751e8b465ee728b)
Start importing Assets/Packages/SciFi Warehouse Kit using Guid(2b5f3906832bb464890e2a08d8c5a2d7) Importer(815301076,1909f56bfc062723c751e8b465ee728b)  -> (artifact id: '86eb888f72b27dccf026e87b3cc42d72') in 0.005594 seconds 
========================================================================
Received Import Request.
  Time since last request: 28.564736 seconds.
  path: Assets/PrefabsAetheric/Ennemy/Base
  artifactKey: Guid(9c8dc24c77ec9d6418f70a2de9b2a122) Importer(815301076,1909f56bfc062723c751e8b465ee728b)
Start importing Assets/PrefabsAetheric/Ennemy/Base using Guid(9c8dc24c77ec9d6418f70a2de9b2a122) Importer(815301076,1909f56bfc062723c751e8b465ee728b)  -> (artifact id: '01be61dd0512c8cbd98ce87c37b3043a') in 0.005038 seconds 
========================================================================
Received Import Request.
  Time since last request: 2.575190 seconds.
  path: Assets/PrefabsAetheric/Ennemy/Base/DetectionMobs.prefab
  artifactKey: Guid(fd17b962289daf24b850303ec5aec5bf) Importer(815301076,1909f56bfc062723c751e8b465ee728b)
Start importing Assets/PrefabsAetheric/Ennemy/Base/DetectionMobs.prefab using Guid(fd17b962289daf24b850303ec5aec5bf) Importer(815301076,1909f56bfc062723c751e8b465ee728b)  -> (artifact id: '5597cb9382bf4a8b5fff1f1fd985b6bb') in 0.016074 seconds 
========================================================================
Received Import Request.
  Time since last request: 4.957547 seconds.
  path: Assets/PrefabsAetheric/Ennemy/Hangar
  artifactKey: Guid(53052553fd42d92488f9dffccdfc2300) Importer(815301076,1909f56bfc062723c751e8b465ee728b)
Start importing Assets/PrefabsAetheric/Ennemy/Hangar using Guid(53052553fd42d92488f9dffccdfc2300) Importer(815301076,1909f56bfc062723c751e8b465ee728b)  -> (artifact id: 'f8d56a6a23e4194540e046a53efb5f4f') in 0.005541 seconds 
========================================================================
Received Import Request.
  Time since last request: 4.098264 seconds.
  path: Assets/PrefabsAetheric/Ennemy/Hangar/SecuCamCone.prefab
  artifactKey: Guid(bb92511370cae4742b4954c8ea3e4b5f) Importer(815301076,1909f56bfc062723c751e8b465ee728b)
Start importing Assets/PrefabsAetheric/Ennemy/Hangar/SecuCamCone.prefab using Guid(bb92511370cae4742b4954c8ea3e4b5f) Importer(815301076,1909f56bfc062723c751e8b465ee728b)  -> (artifact id: '6929c3f94568eee42569a136fd1f6dd2') in 0.234059 seconds 
========================================================================
Received Import Request.
  Time since last request: 12.049680 seconds.
  path: Assets/SciFi Warehouse Kit/Demo
  artifactKey: Guid(970f389ff1b9e4649b077e92a20e41c0) Importer(815301076,1909f56bfc062723c751e8b465ee728b)
Start importing Assets/SciFi Warehouse Kit/Demo using Guid(970f389ff1b9e4649b077e92a20e41c0) Importer(815301076,1909f56bfc062723c751e8b465ee728b)  -> (artifact id: 'f50fbe074c0b1bb5831ebc888ad13436') in 0.006559 seconds 
========================================================================
Received Import Request.
  Time since last request: 3.402397 seconds.
  path: Assets/SciFi Warehouse Kit
  artifactKey: Guid(4264501a58fde4b4fba37dd565318378) Importer(815301076,1909f56bfc062723c751e8b465ee728b)
Start importing Assets/SciFi Warehouse Kit using Guid(4264501a58fde4b4fba37dd565318378) Importer(815301076,1909f56bfc062723c751e8b465ee728b)  -> (artifact id: '6b1da6ca255b6a4c70cea6d93d119a56') in 0.003151 seconds 
========================================================================
Received Prepare
Registering precompiled user dll's ...
Registered in 0.005660 seconds.
Begin MonoManager ReloadAssembly
Symbol file LoadedFromMemory doesn't match image C:\Users\ISKANDER\Documents\GitHub\AETHERIC-Logic\Library\PackageCache\com.unity.collab-proxy@1.15.15\Lib\Editor\PlasticSCM\unityplastic.dll
Native extension for WindowsStandalone target not found
Native extension for WebGL target not found
Refreshing native plugins compatible for Editor in 0.58 ms, found 2 plugins.
Preloading 0 native plugins for Editor in 0.00 ms.
Mono: successfully reloaded assembly
- Completed reload, in  2.110 seconds
Domain Reload Profiling:
	ReloadAssembly (2111ms)
		BeginReloadAssembly (189ms)
			ExecutionOrderSort (0ms)
			DisableScriptedObjects (6ms)
			BackupInstance (0ms)
			ReleaseScriptingObjects (0ms)
			CreateAndSetChildDomain (50ms)
		EndReloadAssembly (1823ms)
			LoadAssemblies (160ms)
			RebuildTransferFunctionScriptingTraits (0ms)
			SetupTypeCache (602ms)
			ReleaseScriptCaches (2ms)
			RebuildScriptCaches (100ms)
			SetupLoadedEditorAssemblies (720ms)
				LogAssemblyErrors (0ms)
				InitializePlatformSupportModulesInManaged (14ms)
				SetLoadedEditorAssemblies (1ms)
				RefreshPlugins (1ms)
				BeforeProcessingInitializeOnLoad (174ms)
				ProcessInitializeOnLoadAttributes (486ms)
				ProcessInitializeOnLoadMethodAttributes (21ms)
				AfterProcessingInitializeOnLoad (22ms)
				EditorAssembliesLoaded (1ms)
			ExecutionOrderSort2 (0ms)
			AwakeInstancesAfterBackupRestoration (14ms)
Platform modules already initialized, skipping
Refreshing native plugins compatible for Editor in 1.81 ms, found 2 plugins.
Preloading 0 native plugins for Editor in 0.00 ms.
Unloading 1941 Unused Serialized files (Serialized files now loaded: 0)
System memory in use before: 86.6 MB.
System memory in use after: 86.7 MB.

Unloading 13 unused Assets to reduce memory usage. Loaded Objects now: 2459.
Total: 5.278800 ms (FindLiveObjects: 0.325200 ms CreateObjectMapping: 0.269400 ms MarkObjects: 4.639800 ms  DeleteObjects: 0.041900 ms)

AssetImportParameters requested are different than current active one (requested -> active):
  custom:framework-win-MediaFoundation: 216162199b28c13a410421893ffa2e32 -> 
  custom:video-decoder-ogg-theora: a1e56fd34408186e4bbccfd4996cb3dc -> 
  custom:container-muxer-webm: aa71ff27fc2769a1b78a27578f13a17b -> 
  custom:container-demuxer-webm: 4f35f7cbe854078d1ac9338744f61a02 -> 
  custom:container-demuxer-ogg: 62fdf1f143b41e24485cea50d1cbac27 -> 
  custom:video-encoder-webm-vp8: eb34c28f22e8b96e1ab97ce403110664 -> 
  custom:video-codec-MediaFoundation-h265: 746d11721c4dcdbdad8f713fa42b33f4 -> 
  custom:video-decoder-webm-vp8: 9c59270c3fd7afecdb556c50c9e8de78 -> 
  custom:audio-decoder-ogg-vorbis: bf7c407c2cedff20999df2af8eb42d56 -> 
  custom:audio-encoder-webm-vorbis: bf7c407c2cedff20999df2af8eb42d56 -> 
========================================================================
Received Prepare
Registering precompiled user dll's ...
Registered in 0.006107 seconds.
Begin MonoManager ReloadAssembly
Symbol file LoadedFromMemory doesn't match image C:\Users\ISKANDER\Documents\GitHub\AETHERIC-Logic\Library\PackageCache\com.unity.collab-proxy@1.15.15\Lib\Editor\PlasticSCM\unityplastic.dll
Native extension for WindowsStandalone target not found
Native extension for WebGL target not found
Refreshing native plugins compatible for Editor in 1.21 ms, found 2 plugins.
Preloading 0 native plugins for Editor in 0.00 ms.
Mono: successfully reloaded assembly
- Completed reload, in  2.646 seconds
Domain Reload Profiling:
	ReloadAssembly (2647ms)
		BeginReloadAssembly (253ms)
			ExecutionOrderSort (0ms)
			DisableScriptedObjects (12ms)
			BackupInstance (0ms)
			ReleaseScriptingObjects (0ms)
			CreateAndSetChildDomain (80ms)
		EndReloadAssembly (2283ms)
			LoadAssemblies (198ms)
			RebuildTransferFunctionScriptingTraits (0ms)
			SetupTypeCache (796ms)
			ReleaseScriptCaches (2ms)
			RebuildScriptCaches (118ms)
			SetupLoadedEditorAssemblies (896ms)
				LogAssemblyErrors (0ms)
				InitializePlatformSupportModulesInManaged (17ms)
				SetLoadedEditorAssemblies (2ms)
				RefreshPlugins (1ms)
				BeforeProcessingInitializeOnLoad (235ms)
				ProcessInitializeOnLoadAttributes (592ms)
				ProcessInitializeOnLoadMethodAttributes (24ms)
				AfterProcessingInitializeOnLoad (24ms)
				EditorAssembliesLoaded (1ms)
			ExecutionOrderSort2 (0ms)
			AwakeInstancesAfterBackupRestoration (20ms)
Platform modules already initialized, skipping
Refreshing native plugins compatible for Editor in 0.93 ms, found 2 plugins.
Preloading 0 native plugins for Editor in 0.00 ms.
Unloading 1941 Unused Serialized files (Serialized files now loaded: 0)
System memory in use before: 86.6 MB.
System memory in use after: 86.7 MB.

Unloading 12 unused Assets to reduce memory usage. Loaded Objects now: 2462.
Total: 5.969700 ms (FindLiveObjects: 0.441100 ms CreateObjectMapping: 0.418200 ms MarkObjects: 5.072800 ms  DeleteObjects: 0.035300 ms)

AssetImportParameters requested are different than current active one (requested -> active):
  custom:framework-win-MediaFoundation: 216162199b28c13a410421893ffa2e32 -> 
  custom:video-decoder-ogg-theora: a1e56fd34408186e4bbccfd4996cb3dc -> 
  custom:container-muxer-webm: aa71ff27fc2769a1b78a27578f13a17b -> 
  custom:container-demuxer-webm: 4f35f7cbe854078d1ac9338744f61a02 -> 
  custom:container-demuxer-ogg: 62fdf1f143b41e24485cea50d1cbac27 -> 
  custom:video-encoder-webm-vp8: eb34c28f22e8b96e1ab97ce403110664 -> 
  custom:video-codec-MediaFoundation-h265: 746d11721c4dcdbdad8f713fa42b33f4 -> 
  custom:video-decoder-webm-vp8: 9c59270c3fd7afecdb556c50c9e8de78 -> 
  custom:audio-decoder-ogg-vorbis: bf7c407c2cedff20999df2af8eb42d56 -> 
  custom:audio-encoder-webm-vorbis: bf7c407c2cedff20999df2af8eb42d56 -> 
========================================================================
Received Prepare
Registering precompiled user dll's ...
Registered in 0.007090 seconds.
Begin MonoManager ReloadAssembly
Symbol file LoadedFromMemory doesn't match image C:\Users\ISKANDER\Documents\GitHub\AETHERIC-Logic\Library\PackageCache\com.unity.collab-proxy@1.15.15\Lib\Editor\PlasticSCM\unityplastic.dll
Native extension for WindowsStandalone target not found
Native extension for WebGL target not found
Refreshing native plugins compatible for Editor in 0.44 ms, found 2 plugins.
Preloading 0 native plugins for Editor in 0.00 ms.
Mono: successfully reloaded assembly
- Completed reload, in  2.170 seconds
Domain Reload Profiling:
	ReloadAssembly (2170ms)
		BeginReloadAssembly (167ms)
			ExecutionOrderSort (0ms)
			DisableScriptedObjects (8ms)
			BackupInstance (0ms)
			ReleaseScriptingObjects (0ms)
			CreateAndSetChildDomain (40ms)
		EndReloadAssembly (1882ms)
			LoadAssemblies (155ms)
			RebuildTransferFunctionScriptingTraits (0ms)
			SetupTypeCache (666ms)
			ReleaseScriptCaches (2ms)
			RebuildScriptCaches (132ms)
			SetupLoadedEditorAssemblies (693ms)
				LogAssemblyErrors (0ms)
				InitializePlatformSupportModulesInManaged (7ms)
				SetLoadedEditorAssemblies (1ms)
				RefreshPlugins (1ms)
				BeforeProcessingInitializeOnLoad (177ms)
				ProcessInitializeOnLoadAttributes (466ms)
				ProcessInitializeOnLoadMethodAttributes (20ms)
				AfterProcessingInitializeOnLoad (21ms)
				EditorAssembliesLoaded (1ms)
			ExecutionOrderSort2 (0ms)
			AwakeInstancesAfterBackupRestoration (15ms)
Platform modules already initialized, skipping
Refreshing native plugins compatible for Editor in 1.06 ms, found 2 plugins.
Preloading 0 native plugins for Editor in 0.00 ms.
Unloading 1941 Unused Serialized files (Serialized files now loaded: 0)
System memory in use before: 86.6 MB.
System memory in use after: 86.7 MB.

Unloading 12 unused Assets to reduce memory usage. Loaded Objects now: 2465.
Total: 4.855300 ms (FindLiveObjects: 0.227900 ms CreateObjectMapping: 0.138700 ms MarkObjects: 4.436300 ms  DeleteObjects: 0.050700 ms)

AssetImportParameters requested are different than current active one (requested -> active):
  custom:framework-win-MediaFoundation: 216162199b28c13a410421893ffa2e32 -> 
  custom:video-decoder-ogg-theora: a1e56fd34408186e4bbccfd4996cb3dc -> 
  custom:container-muxer-webm: aa71ff27fc2769a1b78a27578f13a17b -> 
  custom:container-demuxer-webm: 4f35f7cbe854078d1ac9338744f61a02 -> 
  custom:container-demuxer-ogg: 62fdf1f143b41e24485cea50d1cbac27 -> 
  custom:video-encoder-webm-vp8: eb34c28f22e8b96e1ab97ce403110664 -> 
  custom:video-codec-MediaFoundation-h265: 746d11721c4dcdbdad8f713fa42b33f4 -> 
  custom:video-decoder-webm-vp8: 9c59270c3fd7afecdb556c50c9e8de78 -> 
  custom:audio-decoder-ogg-vorbis: bf7c407c2cedff20999df2af8eb42d56 -> 
  custom:audio-encoder-webm-vorbis: bf7c407c2cedff20999df2af8eb42d56 -> 
========================================================================
Received Prepare
Registering precompiled user dll's ...
Registered in 0.005375 seconds.
Begin MonoManager ReloadAssembly
Symbol file LoadedFromMemory doesn't match image C:\Users\ISKANDER\Documents\GitHub\AETHERIC-Logic\Library\PackageCache\com.unity.collab-proxy@1.15.15\Lib\Editor\PlasticSCM\unityplastic.dll
Native extension for WindowsStandalone target not found
Native extension for WebGL target not found
Refreshing native plugins compatible for Editor in 0.65 ms, found 2 plugins.
Preloading 0 native plugins for Editor in 0.00 ms.
Mono: successfully reloaded assembly
- Completed reload, in  2.165 seconds
Domain Reload Profiling:
	ReloadAssembly (2166ms)
		BeginReloadAssembly (164ms)
			ExecutionOrderSort (0ms)
			DisableScriptedObjects (7ms)
			BackupInstance (0ms)
			ReleaseScriptingObjects (0ms)
			CreateAndSetChildDomain (39ms)
		EndReloadAssembly (1895ms)
			LoadAssemblies (154ms)
			RebuildTransferFunctionScriptingTraits (0ms)
			SetupTypeCache (681ms)
			ReleaseScriptCaches (2ms)
			RebuildScriptCaches (124ms)
			SetupLoadedEditorAssemblies (625ms)
				LogAssemblyErrors (0ms)
				InitializePlatformSupportModulesInManaged (16ms)
				SetLoadedEditorAssemblies (1ms)
				RefreshPlugins (1ms)
				BeforeProcessingInitializeOnLoad (199ms)
				ProcessInitializeOnLoadAttributes (358ms)
				ProcessInitializeOnLoadMethodAttributes (28ms)
				AfterProcessingInitializeOnLoad (23ms)
				EditorAssembliesLoaded (0ms)
			ExecutionOrderSort2 (0ms)
			AwakeInstancesAfterBackupRestoration (20ms)
Platform modules already initialized, skipping
Refreshing native plugins compatible for Editor in 1.03 ms, found 2 plugins.
Preloading 0 native plugins for Editor in 0.00 ms.
Unloading 1940 Unused Serialized files (Serialized files now loaded: 0)
System memory in use before: 86.5 MB.
System memory in use after: 86.6 MB.

Unloading 13 unused Assets to reduce memory usage. Loaded Objects now: 2467.
Total: 5.450100 ms (FindLiveObjects: 0.477700 ms CreateObjectMapping: 0.401200 ms MarkObjects: 4.530700 ms  DeleteObjects: 0.037900 ms)

AssetImportParameters requested are different than current active one (requested -> active):
  custom:framework-win-MediaFoundation: 216162199b28c13a410421893ffa2e32 -> 
  custom:video-decoder-ogg-theora: a1e56fd34408186e4bbccfd4996cb3dc -> 
  custom:container-muxer-webm: aa71ff27fc2769a1b78a27578f13a17b -> 
  custom:container-demuxer-webm: 4f35f7cbe854078d1ac9338744f61a02 -> 
  custom:container-demuxer-ogg: 62fdf1f143b41e24485cea50d1cbac27 -> 
  custom:video-encoder-webm-vp8: eb34c28f22e8b96e1ab97ce403110664 -> 
  custom:video-codec-MediaFoundation-h265: 746d11721c4dcdbdad8f713fa42b33f4 -> 
  custom:video-decoder-webm-vp8: 9c59270c3fd7afecdb556c50c9e8de78 -> 
  custom:audio-decoder-ogg-vorbis: bf7c407c2cedff20999df2af8eb42d56 -> 
  custom:audio-encoder-webm-vorbis: bf7c407c2cedff20999df2af8eb42d56 -> 
========================================================================
Received Import Request.
  Time since last request: 93.910336 seconds.
  path: Assets/Shared
  artifactKey: Guid(eb514f068a7a68c47bec5b1107e29e68) Importer(815301076,1909f56bfc062723c751e8b465ee728b)
Start importing Assets/Shared using Guid(eb514f068a7a68c47bec5b1107e29e68) Importer(815301076,1909f56bfc062723c751e8b465ee728b)  -> (artifact id: '8be15bcc2d9e22dc23608697e8a25f40') in 0.013198 seconds 
========================================================================
Received Import Request.
  Time since last request: 8.666601 seconds.
  path: Assets/Shared/Ramps
  artifactKey: Guid(784bb144e17abe64e88099c4bcab7e6c) Importer(815301076,1909f56bfc062723c751e8b465ee728b)
Start importing Assets/Shared/Ramps using Guid(784bb144e17abe64e88099c4bcab7e6c) Importer(815301076,1909f56bfc062723c751e8b465ee728b)  -> (artifact id: '9eea3601f691f9c5003a6a9eae8707e5') in 0.009018 seconds 
========================================================================
Received Prepare
Registering precompiled user dll's ...
Registered in 0.007784 seconds.
Begin MonoManager ReloadAssembly
Symbol file LoadedFromMemory doesn't match image C:\Users\ISKANDER\Documents\GitHub\AETHERIC-Logic\Library\PackageCache\com.unity.collab-proxy@1.15.15\Lib\Editor\PlasticSCM\unityplastic.dll
Native extension for WindowsStandalone target not found
Native extension for WebGL target not found
Refreshing native plugins compatible for Editor in 0.61 ms, found 2 plugins.
Preloading 0 native plugins for Editor in 0.00 ms.
Mono: successfully reloaded assembly
- Completed reload, in  2.281 seconds
Domain Reload Profiling:
	ReloadAssembly (2282ms)
		BeginReloadAssembly (206ms)
			ExecutionOrderSort (0ms)
			DisableScriptedObjects (8ms)
			BackupInstance (0ms)
			ReleaseScriptingObjects (0ms)
			CreateAndSetChildDomain (75ms)
		EndReloadAssembly (1955ms)
			LoadAssemblies (158ms)
			RebuildTransferFunctionScriptingTraits (0ms)
			SetupTypeCache (642ms)
			ReleaseScriptCaches (2ms)
			RebuildScriptCaches (109ms)
			SetupLoadedEditorAssemblies (761ms)
				LogAssemblyErrors (0ms)
				InitializePlatformSupportModulesInManaged (14ms)
				SetLoadedEditorAssemblies (1ms)
				RefreshPlugins (1ms)
				BeforeProcessingInitializeOnLoad (190ms)
				ProcessInitializeOnLoadAttributes (504ms)
				ProcessInitializeOnLoadMethodAttributes (31ms)
				AfterProcessingInitializeOnLoad (20ms)
				EditorAssembliesLoaded (1ms)
			ExecutionOrderSort2 (0ms)
			AwakeInstancesAfterBackupRestoration (19ms)
Platform modules already initialized, skipping
Refreshing native plugins compatible for Editor in 0.64 ms, found 2 plugins.
Preloading 0 native plugins for Editor in 0.00 ms.
Unloading 1938 Unused Serialized files (Serialized files now loaded: 0)
System memory in use before: 86.5 MB.
System memory in use after: 86.7 MB.

Unloading 13 unused Assets to reduce memory usage. Loaded Objects now: 2469.
Total: 7.400300 ms (FindLiveObjects: 0.413000 ms CreateObjectMapping: 0.258900 ms MarkObjects: 6.678500 ms  DeleteObjects: 0.047800 ms)

AssetImportParameters requested are different than current active one (requested -> active):
  custom:framework-win-MediaFoundation: 216162199b28c13a410421893ffa2e32 -> 
  custom:video-decoder-ogg-theora: a1e56fd34408186e4bbccfd4996cb3dc -> 
  custom:container-muxer-webm: aa71ff27fc2769a1b78a27578f13a17b -> 
  custom:container-demuxer-webm: 4f35f7cbe854078d1ac9338744f61a02 -> 
  custom:container-demuxer-ogg: 62fdf1f143b41e24485cea50d1cbac27 -> 
  custom:video-encoder-webm-vp8: eb34c28f22e8b96e1ab97ce403110664 -> 
  custom:video-codec-MediaFoundation-h265: 746d11721c4dcdbdad8f713fa42b33f4 -> 
  custom:video-decoder-webm-vp8: 9c59270c3fd7afecdb556c50c9e8de78 -> 
  custom:audio-decoder-ogg-vorbis: bf7c407c2cedff20999df2af8eb42d56 -> 
  custom:audio-encoder-webm-vorbis: bf7c407c2cedff20999df2af8eb42d56 -> 
========================================================================
Received Import Request.
  Time since last request: 10.381486 seconds.
  path: Assets/Shared/Scripts
  artifactKey: Guid(f165421d3910e8e4595bffa15e0f5a14) Importer(815301076,1909f56bfc062723c751e8b465ee728b)
Start importing Assets/Shared/Scripts using Guid(f165421d3910e8e4595bffa15e0f5a14) Importer(815301076,1909f56bfc062723c751e8b465ee728b)  -> (artifact id: '6b85f07c97cffa0434e529d613df57e6') in 0.011132 seconds 
========================================================================
Received Prepare
Registering precompiled user dll's ...
Registered in 0.006026 seconds.
Begin MonoManager ReloadAssembly
Symbol file LoadedFromMemory doesn't match image C:\Users\ISKANDER\Documents\GitHub\AETHERIC-Logic\Library\PackageCache\com.unity.collab-proxy@1.15.15\Lib\Editor\PlasticSCM\unityplastic.dll
Native extension for WindowsStandalone target not found
Native extension for WebGL target not found
Refreshing native plugins compatible for Editor in 1.64 ms, found 2 plugins.
Preloading 0 native plugins for Editor in 0.00 ms.
Mono: successfully reloaded assembly
- Completed reload, in  2.408 seconds
Domain Reload Profiling:
	ReloadAssembly (2409ms)
		BeginReloadAssembly (163ms)
			ExecutionOrderSort (0ms)
			DisableScriptedObjects (7ms)
			BackupInstance (0ms)
			ReleaseScriptingObjects (0ms)
			CreateAndSetChildDomain (43ms)
		EndReloadAssembly (2129ms)
			LoadAssemblies (149ms)
			RebuildTransferFunctionScriptingTraits (0ms)
			SetupTypeCache (675ms)
			ReleaseScriptCaches (2ms)
			RebuildScriptCaches (131ms)
			SetupLoadedEditorAssemblies (846ms)
				LogAssemblyErrors (0ms)
				InitializePlatformSupportModulesInManaged (19ms)
				SetLoadedEditorAssemblies (2ms)
				RefreshPlugins (2ms)
				BeforeProcessingInitializeOnLoad (217ms)
				ProcessInitializeOnLoadAttributes (560ms)
				ProcessInitializeOnLoadMethodAttributes (24ms)
				AfterProcessingInitializeOnLoad (23ms)
				EditorAssembliesLoaded (0ms)
			ExecutionOrderSort2 (0ms)
			AwakeInstancesAfterBackupRestoration (19ms)
Platform modules already initialized, skipping
Refreshing native plugins compatible for Editor in 0.75 ms, found 2 plugins.
Preloading 0 native plugins for Editor in 0.00 ms.
Unloading 1934 Unused Serialized files (Serialized files now loaded: 0)
System memory in use before: 86.5 MB.
System memory in use after: 86.6 MB.

Unloading 16 unused Assets to reduce memory usage. Loaded Objects now: 2468.
Total: 8.487400 ms (FindLiveObjects: 0.481900 ms CreateObjectMapping: 0.218600 ms MarkObjects: 7.695600 ms  DeleteObjects: 0.088600 ms)

AssetImportParameters requested are different than current active one (requested -> active):
  custom:framework-win-MediaFoundation: 216162199b28c13a410421893ffa2e32 -> 
  custom:video-decoder-ogg-theora: a1e56fd34408186e4bbccfd4996cb3dc -> 
  custom:container-muxer-webm: aa71ff27fc2769a1b78a27578f13a17b -> 
  custom:container-demuxer-webm: 4f35f7cbe854078d1ac9338744f61a02 -> 
  custom:container-demuxer-ogg: 62fdf1f143b41e24485cea50d1cbac27 -> 
  custom:video-encoder-webm-vp8: eb34c28f22e8b96e1ab97ce403110664 -> 
  custom:video-codec-MediaFoundation-h265: 746d11721c4dcdbdad8f713fa42b33f4 -> 
  custom:video-decoder-webm-vp8: 9c59270c3fd7afecdb556c50c9e8de78 -> 
  custom:audio-decoder-ogg-vorbis: bf7c407c2cedff20999df2af8eb42d56 -> 
  custom:audio-encoder-webm-vorbis: bf7c407c2cedff20999df2af8eb42d56 -> 
========================================================================
Received Prepare
Registering precompiled user dll's ...
Registered in 0.005739 seconds.
Begin MonoManager ReloadAssembly
Symbol file LoadedFromMemory doesn't match image C:\Users\ISKANDER\Documents\GitHub\AETHERIC-Logic\Library\PackageCache\com.unity.collab-proxy@1.15.15\Lib\Editor\PlasticSCM\unityplastic.dll
Native extension for WindowsStandalone target not found
Native extension for WebGL target not found
Refreshing native plugins compatible for Editor in 0.59 ms, found 2 plugins.
Preloading 0 native plugins for Editor in 0.00 ms.
Mono: successfully reloaded assembly
- Completed reload, in  2.166 seconds
Domain Reload Profiling:
	ReloadAssembly (2166ms)
		BeginReloadAssembly (219ms)
			ExecutionOrderSort (0ms)
			DisableScriptedObjects (5ms)
			BackupInstance (0ms)
			ReleaseScriptingObjects (0ms)
			CreateAndSetChildDomain (88ms)
		EndReloadAssembly (1833ms)
			LoadAssemblies (179ms)
			RebuildTransferFunctionScriptingTraits (0ms)
			SetupTypeCache (596ms)
			ReleaseScriptCaches (3ms)
			RebuildScriptCaches (95ms)
			SetupLoadedEditorAssemblies (724ms)
				LogAssemblyErrors (0ms)
				InitializePlatformSupportModulesInManaged (13ms)
				SetLoadedEditorAssemblies (1ms)
				RefreshPlugins (1ms)
				BeforeProcessingInitializeOnLoad (178ms)
				ProcessInitializeOnLoadAttributes (491ms)
				ProcessInitializeOnLoadMethodAttributes (23ms)
				AfterProcessingInitializeOnLoad (17ms)
				EditorAssembliesLoaded (0ms)
			ExecutionOrderSort2 (0ms)
			AwakeInstancesAfterBackupRestoration (16ms)
Platform modules already initialized, skipping
Refreshing native plugins compatible for Editor in 0.85 ms, found 2 plugins.
Preloading 0 native plugins for Editor in 0.00 ms.
Unloading 1934 Unused Serialized files (Serialized files now loaded: 0)
System memory in use before: 86.5 MB.
System memory in use after: 86.6 MB.

Unloading 12 unused Assets to reduce memory usage. Loaded Objects now: 2471.
Total: 6.649900 ms (FindLiveObjects: 0.274100 ms CreateObjectMapping: 0.164900 ms MarkObjects: 6.128700 ms  DeleteObjects: 0.079300 ms)

AssetImportParameters requested are different than current active one (requested -> active):
  custom:framework-win-MediaFoundation: 216162199b28c13a410421893ffa2e32 -> 
  custom:video-decoder-ogg-theora: a1e56fd34408186e4bbccfd4996cb3dc -> 
  custom:container-muxer-webm: aa71ff27fc2769a1b78a27578f13a17b -> 
  custom:container-demuxer-webm: 4f35f7cbe854078d1ac9338744f61a02 -> 
  custom:container-demuxer-ogg: 62fdf1f143b41e24485cea50d1cbac27 -> 
  custom:video-encoder-webm-vp8: eb34c28f22e8b96e1ab97ce403110664 -> 
  custom:video-codec-MediaFoundation-h265: 746d11721c4dcdbdad8f713fa42b33f4 -> 
  custom:video-decoder-webm-vp8: 9c59270c3fd7afecdb556c50c9e8de78 -> 
  custom:audio-decoder-ogg-vorbis: bf7c407c2cedff20999df2af8eb42d56 -> 
  custom:audio-encoder-webm-vorbis: bf7c407c2cedff20999df2af8eb42d56 -> 
========================================================================
Received Prepare
Registering precompiled user dll's ...
Registered in 0.006573 seconds.
Begin MonoManager ReloadAssembly
Symbol file LoadedFromMemory doesn't match image C:\Users\ISKANDER\Documents\GitHub\AETHERIC-Logic\Library\PackageCache\com.unity.collab-proxy@1.15.15\Lib\Editor\PlasticSCM\unityplastic.dll
Native extension for WindowsStandalone target not found
Native extension for WebGL target not found
Refreshing native plugins compatible for Editor in 1.16 ms, found 2 plugins.
Preloading 0 native plugins for Editor in 0.00 ms.
Mono: successfully reloaded assembly
- Completed reload, in  2.123 seconds
Domain Reload Profiling:
	ReloadAssembly (2123ms)
		BeginReloadAssembly (180ms)
			ExecutionOrderSort (0ms)
			DisableScriptedObjects (8ms)
			BackupInstance (0ms)
			ReleaseScriptingObjects (0ms)
			CreateAndSetChildDomain (38ms)
		EndReloadAssembly (1819ms)
			LoadAssemblies (190ms)
			RebuildTransferFunctionScriptingTraits (0ms)
			SetupTypeCache (566ms)
			ReleaseScriptCaches (2ms)
			RebuildScriptCaches (125ms)
			SetupLoadedEditorAssemblies (695ms)
				LogAssemblyErrors (0ms)
				InitializePlatformSupportModulesInManaged (16ms)
				SetLoadedEditorAssemblies (1ms)
				RefreshPlugins (1ms)
				BeforeProcessingInitializeOnLoad (206ms)
				ProcessInitializeOnLoadAttributes (448ms)
				ProcessInitializeOnLoadMethodAttributes (10ms)
				AfterProcessingInitializeOnLoad (11ms)
				EditorAssembliesLoaded (0ms)
			ExecutionOrderSort2 (0ms)
			AwakeInstancesAfterBackupRestoration (8ms)
Platform modules already initialized, skipping
Refreshing native plugins compatible for Editor in 0.44 ms, found 2 plugins.
Preloading 0 native plugins for Editor in 0.00 ms.
Unloading 1934 Unused Serialized files (Serialized files now loaded: 0)
System memory in use before: 86.5 MB.
System memory in use after: 86.6 MB.

Unloading 12 unused Assets to reduce memory usage. Loaded Objects now: 2474.
Total: 3.563200 ms (FindLiveObjects: 0.184000 ms CreateObjectMapping: 0.078200 ms MarkObjects: 3.272800 ms  DeleteObjects: 0.027500 ms)

AssetImportParameters requested are different than current active one (requested -> active):
  custom:framework-win-MediaFoundation: 216162199b28c13a410421893ffa2e32 -> 
  custom:video-decoder-ogg-theora: a1e56fd34408186e4bbccfd4996cb3dc -> 
  custom:container-muxer-webm: aa71ff27fc2769a1b78a27578f13a17b -> 
  custom:container-demuxer-webm: 4f35f7cbe854078d1ac9338744f61a02 -> 
  custom:container-demuxer-ogg: 62fdf1f143b41e24485cea50d1cbac27 -> 
  custom:video-encoder-webm-vp8: eb34c28f22e8b96e1ab97ce403110664 -> 
  custom:video-codec-MediaFoundation-h265: 746d11721c4dcdbdad8f713fa42b33f4 -> 
  custom:video-decoder-webm-vp8: 9c59270c3fd7afecdb556c50c9e8de78 -> 
  custom:audio-decoder-ogg-vorbis: bf7c407c2cedff20999df2af8eb42d56 -> 
  custom:audio-encoder-webm-vorbis: bf7c407c2cedff20999df2af8eb42d56 -> 
========================================================================
Received Import Request.
  Time since last request: 90.108767 seconds.
  path: Assets/ScriptsAlex/ScriptsAudio
  artifactKey: Guid(1752015549074c24ba3891bea6916a41) Importer(815301076,1909f56bfc062723c751e8b465ee728b)
Start importing Assets/ScriptsAlex/ScriptsAudio using Guid(1752015549074c24ba3891bea6916a41) Importer(815301076,1909f56bfc062723c751e8b465ee728b)  -> (artifact id: 'e5514572bb0e9566875fdeb42f15ce10') in 0.006008 seconds 
========================================================================
Received Import Request.
  Time since last request: 2.470825 seconds.
  path: Assets/ScriptsAlex
  artifactKey: Guid(575ba34e02390f044bb2eb9b057e6a14) Importer(815301076,1909f56bfc062723c751e8b465ee728b)
Start importing Assets/ScriptsAlex using Guid(575ba34e02390f044bb2eb9b057e6a14) Importer(815301076,1909f56bfc062723c751e8b465ee728b)  -> (artifact id: '272571a40748ef9603bb51a620da4313') in 0.013206 seconds 
========================================================================
Received Import Request.
  Time since last request: 7.832423 seconds.
  path: Assets/SO Architecture
  artifactKey: Guid(f092022ec0ea5f2439c1469f55a81ef6) Importer(815301076,1909f56bfc062723c751e8b465ee728b)
Start importing Assets/SO Architecture using Guid(f092022ec0ea5f2439c1469f55a81ef6) Importer(815301076,1909f56bfc062723c751e8b465ee728b)  -> (artifact id: '72229b1f2054edbf86468d6eb6a2e1b7') in 0.007855 seconds 
========================================================================
Received Import Request.
  Time since last request: 21.460621 seconds.
  path: Assets/ToExport/Footstep01.wav
  artifactKey: Guid(dc777f306336768499c2e118fbe30c66) Importer(815301076,1909f56bfc062723c751e8b465ee728b)
Start importing Assets/ToExport/Footstep01.wav using Guid(dc777f306336768499c2e118fbe30c66) Importer(815301076,1909f56bfc062723c751e8b465ee728b)  -> (artifact id: 'f34c9b8fedd485c284307b01044dd1aa') in 0.137853 seconds 
========================================================================
Received Import Request.
  Time since last request: 16.627574 seconds.
  path: Assets/Audio/AUDIOOK/Ambiance
  artifactKey: Guid(5c7f635ff2aa6f240b1495231a8d731a) Importer(815301076,1909f56bfc062723c751e8b465ee728b)
Start importing Assets/Audio/AUDIOOK/Ambiance using Guid(5c7f635ff2aa6f240b1495231a8d731a) Importer(815301076,1909f56bfc062723c751e8b465ee728b)  -> (artifact id: '313660d4fcaeae81af32b53cf27617b5') in 0.018211 seconds 
========================================================================
Received Import Request.
  Time since last request: 12.945827 seconds.
  path: Assets/Audio/AUDIOOK
  artifactKey: Guid(02bbd041c6868004080c8ea8893568d6) Importer(815301076,1909f56bfc062723c751e8b465ee728b)
Start importing Assets/Audio/AUDIOOK using Guid(02bbd041c6868004080c8ea8893568d6) Importer(815301076,1909f56bfc062723c751e8b465ee728b)  -> (artifact id: '177e7c28f262917872dd83c488cb6de9') in 0.005589 seconds 
========================================================================
Received Import Request.
  Time since last request: 30.697828 seconds.
  path: Assets/Packages/RPG_Fentasy_(Pack)
  artifactKey: Guid(8032e7eacc3d15542af6fbbce8aca6ac) Importer(815301076,1909f56bfc062723c751e8b465ee728b)
Start importing Assets/Packages/RPG_Fentasy_(Pack) using Guid(8032e7eacc3d15542af6fbbce8aca6ac) Importer(815301076,1909f56bfc062723c751e8b465ee728b)  -> (artifact id: 'b6841bd79e3ab5c30ce5894c3fa3045d') in 0.008344 seconds 
========================================================================
Received Import Request.
  Time since last request: 26.526826 seconds.
  path: Assets/Packages/RPG_Fentasy_(Pack)/Ainimations_Barbarian_Bear_Dwarf_Knight_Orc_Warrior/2Without_Weapon/Warrior@Idle_Without_Weapon.FBX
  artifactKey: Guid(217eff9daea0da4419890217b6479498) Importer(815301076,1909f56bfc062723c751e8b465ee728b)
Start importing Assets/Packages/RPG_Fentasy_(Pack)/Ainimations_Barbarian_Bear_Dwarf_Knight_Orc_Warrior/2Without_Weapon/Warrior@Idle_Without_Weapon.FBX using Guid(217eff9daea0da4419890217b6479498) Importer(815301076,1909f56bfc062723c751e8b465ee728b)  -> (artifact id: '3b8b2dafc8ba0aaf74507125b73624e9') in 1.127292 seconds 
========================================================================
Received Import Request.
  Time since last request: 25.747304 seconds.
  path: Assets/Packages/RPG_Fentasy_(Pack)/Ainimations_Barbarian_Bear_Dwarf_Knight_Orc_Warrior/Animations_With_Weapon.controller
  artifactKey: Guid(fa40163a797740348bfa3e9a317af2d3) Importer(815301076,1909f56bfc062723c751e8b465ee728b)
Start importing Assets/Packages/RPG_Fentasy_(Pack)/Ainimations_Barbarian_Bear_Dwarf_Knight_Orc_Warrior/Animations_With_Weapon.controller using Guid(fa40163a797740348bfa3e9a317af2d3) Importer(815301076,1909f56bfc062723c751e8b465ee728b)  -> (artifact id: 'f40b144d0918c2fb6135e950a2db3a9c') in 0.731003 seconds 
========================================================================
Received Import Request.
  Time since last request: 37.349631 seconds.
  path: Assets/Ch47_nonPBR@Getting Up.fbx
  artifactKey: Guid(b5989e4383e964348a6b61717f387d94) Importer(815301076,1909f56bfc062723c751e8b465ee728b)
Start importing Assets/Ch47_nonPBR@Getting Up.fbx using Guid(b5989e4383e964348a6b61717f387d94) Importer(815301076,1909f56bfc062723c751e8b465ee728b)  -> (artifact id: '2f23e088bea4c59716913053fd29c667') in 0.018247 seconds 
========================================================================
Received Import Request.
  Time since last request: 37.843774 seconds.
  path: Assets/Ultimate Sound FX Bundle/Fight Sounds VOL 2/Heavy Game Punch/Heavy Game Punch 11.wav
  artifactKey: Guid(4aca9f8680dbf604391619d14e4c73c1) Importer(815301076,1909f56bfc062723c751e8b465ee728b)
Start importing Assets/Ultimate Sound FX Bundle/Fight Sounds VOL 2/Heavy Game Punch/Heavy Game Punch 11.wav using Guid(4aca9f8680dbf604391619d14e4c73c1) Importer(815301076,1909f56bfc062723c751e8b465ee728b)  -> (artifact id: '09631cc33695b0821858ffb044a77bb0') in 0.014883 seconds 
========================================================================
Received Import Request.
  Time since last request: 21.817227 seconds.
  path: Assets/Ultimate Sound FX Bundle/Fight Sounds VOL 2/Heavy Game Punch
  artifactKey: Guid(01325ea85b8ae01408adbb793ac428fe) Importer(815301076,1909f56bfc062723c751e8b465ee728b)
Start importing Assets/Ultimate Sound FX Bundle/Fight Sounds VOL 2/Heavy Game Punch using Guid(01325ea85b8ae01408adbb793ac428fe) Importer(815301076,1909f56bfc062723c751e8b465ee728b)  -> (artifact id: '677cf26b6434211e0af87d4f343bca3e') in 0.005801 seconds 
========================================================================
Received Import Request.
  Time since last request: 1.058483 seconds.
  path: Assets/Ultimate Sound FX Bundle
  artifactKey: Guid(6fb52ff5cd16b3c409eaed4ca94a3282) Importer(815301076,1909f56bfc062723c751e8b465ee728b)
Start importing Assets/Ultimate Sound FX Bundle using Guid(6fb52ff5cd16b3c409eaed4ca94a3282) Importer(815301076,1909f56bfc062723c751e8b465ee728b)  -> (artifact id: 'e961c63c47543ef36024d886e3b7435d') in 0.009568 seconds 
========================================================================
Received Import Request.
  Time since last request: 3.927033 seconds.
  path: Assets/ToExport
  artifactKey: Guid(d8a8046f6f37b264cad22a77e3708a59) Importer(815301076,1909f56bfc062723c751e8b465ee728b)
Start importing Assets/ToExport using Guid(d8a8046f6f37b264cad22a77e3708a59) Importer(815301076,1909f56bfc062723c751e8b465ee728b)  -> (artifact id: 'f0a867e20a90043ccd897afc6adf6c59') in 0.021149 seconds 
========================================================================
Received Import Request.
  Time since last request: 78.355232 seconds.
  path: Assets/Art/Particules
  artifactKey: Guid(d6d07fc089ad43645a370492bfa91447) Importer(815301076,1909f56bfc062723c751e8b465ee728b)
Start importing Assets/Art/Particules using Guid(d6d07fc089ad43645a370492bfa91447) Importer(815301076,1909f56bfc062723c751e8b465ee728b)  -> (artifact id: '5739fcfde306c84824afa4d784d594f5') in 0.013280 seconds 
========================================================================
Received Import Request.
  Time since last request: 1831.153714 seconds.
  path: Assets/Packages/EffectExamples/Fire & Explosion Effects/Materials
  artifactKey: Guid(2c445aeaa25d51d468d4c097a4557b98) Importer(815301076,1909f56bfc062723c751e8b465ee728b)
Start importing Assets/Packages/EffectExamples/Fire & Explosion Effects/Materials using Guid(2c445aeaa25d51d468d4c097a4557b98) Importer(815301076,1909f56bfc062723c751e8b465ee728b)  -> (artifact id: '07cd13d985b4ad43c08c7474b5f77633') in 0.006999 seconds 
========================================================================
Received Import Request.
  Time since last request: 9.372499 seconds.
  path: Assets/Art/Particules/Prefabs
  artifactKey: Guid(5b67ba7d3d11d9b4f8bb345ae6c4c5d3) Importer(815301076,1909f56bfc062723c751e8b465ee728b)
Start importing Assets/Art/Particules/Prefabs using Guid(5b67ba7d3d11d9b4f8bb345ae6c4c5d3) Importer(815301076,1909f56bfc062723c751e8b465ee728b)  -> (artifact id: 'e3903de89d179d99838be7e8a2dd7dec') in 0.007492 seconds 
========================================================================
Received Import Request.
  Time since last request: 17.135090 seconds.
  path: Assets/Art/Particules/Textures
  artifactKey: Guid(7d0233ea860d0794fa780c81e49c2220) Importer(815301076,1909f56bfc062723c751e8b465ee728b)
Start importing Assets/Art/Particules/Textures using Guid(7d0233ea860d0794fa780c81e49c2220) Importer(815301076,1909f56bfc062723c751e8b465ee728b)  -> (artifact id: '9f4ed1e02b1541b910233ff79c1b54cd') in 0.007195 seconds 
========================================================================
Received Import Request.
  Time since last request: 5.444958 seconds.
  path: Assets/Packages/LightRays2D
  artifactKey: Guid(cacb83f92c983114c8024e55057a2049) Importer(815301076,1909f56bfc062723c751e8b465ee728b)
Start importing Assets/Packages/LightRays2D using Guid(cacb83f92c983114c8024e55057a2049) Importer(815301076,1909f56bfc062723c751e8b465ee728b)  -> (artifact id: '32136f305908bf31afe1ba56805c4f8b') in 0.041785 seconds 
========================================================================
Received Prepare
Registering precompiled user dll's ...
Registered in 0.005470 seconds.
Begin MonoManager ReloadAssembly
Symbol file LoadedFromMemory doesn't match image C:\Users\ISKANDER\Documents\GitHub\AETHERIC-Logic\Library\PackageCache\com.unity.collab-proxy@1.15.15\Lib\Editor\PlasticSCM\unityplastic.dll
Native extension for WindowsStandalone target not found
Native extension for WebGL target not found
Refreshing native plugins compatible for Editor in 0.78 ms, found 2 plugins.
Preloading 0 native plugins for Editor in 0.00 ms.
Mono: successfully reloaded assembly
- Completed reload, in  1.975 seconds
Domain Reload Profiling:
	ReloadAssembly (1976ms)
		BeginReloadAssembly (187ms)
			ExecutionOrderSort (0ms)
			DisableScriptedObjects (5ms)
			BackupInstance (0ms)
			ReleaseScriptingObjects (0ms)
			CreateAndSetChildDomain (67ms)
		EndReloadAssembly (1695ms)
			LoadAssemblies (159ms)
			RebuildTransferFunctionScriptingTraits (0ms)
			SetupTypeCache (423ms)
			ReleaseScriptCaches (1ms)
			RebuildScriptCaches (70ms)
			SetupLoadedEditorAssemblies (805ms)
				LogAssemblyErrors (0ms)
				InitializePlatformSupportModulesInManaged (15ms)
				SetLoadedEditorAssemblies (2ms)
				RefreshPlugins (1ms)
				BeforeProcessingInitializeOnLoad (204ms)
				ProcessInitializeOnLoadAttributes (529ms)
				ProcessInitializeOnLoadMethodAttributes (24ms)
				AfterProcessingInitializeOnLoad (29ms)
				EditorAssembliesLoaded (1ms)
			ExecutionOrderSort2 (0ms)
			AwakeInstancesAfterBackupRestoration (30ms)
Platform modules already initialized, skipping
Refreshing native plugins compatible for Editor in 0.59 ms, found 2 plugins.
Preloading 0 native plugins for Editor in 0.00 ms.
Unloading 1930 Unused Serialized files (Serialized files now loaded: 0)
System memory in use before: 86.4 MB.
System memory in use after: 86.5 MB.

Unloading 15 unused Assets to reduce memory usage. Loaded Objects now: 2477.
Total: 8.555100 ms (FindLiveObjects: 0.906500 ms CreateObjectMapping: 0.707000 ms MarkObjects: 6.883700 ms  DeleteObjects: 0.054000 ms)

AssetImportParameters requested are different than current active one (requested -> active):
  custom:framework-win-MediaFoundation: 216162199b28c13a410421893ffa2e32 -> 
  custom:video-decoder-ogg-theora: a1e56fd34408186e4bbccfd4996cb3dc -> 
  custom:container-muxer-webm: aa71ff27fc2769a1b78a27578f13a17b -> 
  custom:container-demuxer-webm: 4f35f7cbe854078d1ac9338744f61a02 -> 
  custom:container-demuxer-ogg: 62fdf1f143b41e24485cea50d1cbac27 -> 
  custom:video-encoder-webm-vp8: eb34c28f22e8b96e1ab97ce403110664 -> 
  custom:video-codec-MediaFoundation-h265: 746d11721c4dcdbdad8f713fa42b33f4 -> 
  custom:video-decoder-webm-vp8: 9c59270c3fd7afecdb556c50c9e8de78 -> 
  custom:audio-decoder-ogg-vorbis: bf7c407c2cedff20999df2af8eb42d56 -> 
  custom:audio-encoder-webm-vorbis: bf7c407c2cedff20999df2af8eb42d56 -> 
========================================================================
Received Import Request.
  Time since last request: 23.691197 seconds.
  path: Assets/Packages/EffectExamples
  artifactKey: Guid(4e0f362ac46984641b1c86900b732d85) Importer(815301076,1909f56bfc062723c751e8b465ee728b)
Start importing Assets/Packages/EffectExamples using Guid(4e0f362ac46984641b1c86900b732d85) Importer(815301076,1909f56bfc062723c751e8b465ee728b)  -> (artifact id: '878b707f151c3f9fcf97725f3b0b806f') in 0.006290 seconds 
========================================================================
Received Prepare
Registering precompiled user dll's ...
Registered in 0.004574 seconds.
Begin MonoManager ReloadAssembly
Symbol file LoadedFromMemory doesn't match image C:\Users\ISKANDER\Documents\GitHub\AETHERIC-Logic\Library\PackageCache\com.unity.collab-proxy@1.15.15\Lib\Editor\PlasticSCM\unityplastic.dll
Native extension for WindowsStandalone target not found
Native extension for WebGL target not found
Refreshing native plugins compatible for Editor in 0.81 ms, found 2 plugins.
Preloading 0 native plugins for Editor in 0.00 ms.
Mono: successfully reloaded assembly
- Completed reload, in  1.404 seconds
Domain Reload Profiling:
	ReloadAssembly (1405ms)
		BeginReloadAssembly (232ms)
			ExecutionOrderSort (0ms)
			DisableScriptedObjects (6ms)
			BackupInstance (0ms)
			ReleaseScriptingObjects (0ms)
			CreateAndSetChildDomain (41ms)
		EndReloadAssembly (1088ms)
			LoadAssemblies (217ms)
			RebuildTransferFunctionScriptingTraits (0ms)
			SetupTypeCache (390ms)
			ReleaseScriptCaches (1ms)
			RebuildScriptCaches (62ms)
			SetupLoadedEditorAssemblies (382ms)
				LogAssemblyErrors (0ms)
				InitializePlatformSupportModulesInManaged (12ms)
				SetLoadedEditorAssemblies (1ms)
				RefreshPlugins (1ms)
				BeforeProcessingInitializeOnLoad (102ms)
				ProcessInitializeOnLoadAttributes (243ms)
				ProcessInitializeOnLoadMethodAttributes (12ms)
				AfterProcessingInitializeOnLoad (12ms)
				EditorAssembliesLoaded (0ms)
			ExecutionOrderSort2 (0ms)
			AwakeInstancesAfterBackupRestoration (7ms)
Platform modules already initialized, skipping
Refreshing native plugins compatible for Editor in 0.45 ms, found 2 plugins.
Preloading 0 native plugins for Editor in 0.00 ms.
Unloading 1930 Unused Serialized files (Serialized files now loaded: 0)
System memory in use before: 86.5 MB.
System memory in use after: 86.6 MB.

Unloading 12 unused Assets to reduce memory usage. Loaded Objects now: 2480.
Total: 3.739300 ms (FindLiveObjects: 0.250800 ms CreateObjectMapping: 0.091400 ms MarkObjects: 3.366700 ms  DeleteObjects: 0.029200 ms)

AssetImportParameters requested are different than current active one (requested -> active):
  custom:framework-win-MediaFoundation: 216162199b28c13a410421893ffa2e32 -> 
  custom:video-decoder-ogg-theora: a1e56fd34408186e4bbccfd4996cb3dc -> 
  custom:container-muxer-webm: aa71ff27fc2769a1b78a27578f13a17b -> 
  custom:container-demuxer-webm: 4f35f7cbe854078d1ac9338744f61a02 -> 
  custom:container-demuxer-ogg: 62fdf1f143b41e24485cea50d1cbac27 -> 
  custom:video-encoder-webm-vp8: eb34c28f22e8b96e1ab97ce403110664 -> 
  custom:video-codec-MediaFoundation-h265: 746d11721c4dcdbdad8f713fa42b33f4 -> 
  custom:video-decoder-webm-vp8: 9c59270c3fd7afecdb556c50c9e8de78 -> 
  custom:audio-decoder-ogg-vorbis: bf7c407c2cedff20999df2af8eb42d56 -> 
  custom:audio-encoder-webm-vorbis: bf7c407c2cedff20999df2af8eb42d56 -> 
AssetImportWorkerClient::OnTransportError - code=2 error=End of file
